[    0.000000] Initializing cgroup subsys cpset
[    0.000000] Initializing cgroup subsys cpu
[    0.000000] Initializing cgroup subsys cpuacct
[    0.000000] Linux version 4.4.0-104-generic (buildd@lgw01-amd64-022) (gcc version 5.4.0 20160609 (Ubuntu 5.4.0-6ubuntu1~16.04.5) ) #127-Ubuntu SMP Mon Dec 11 12:16:42 UTC 2017 (Ubuntu 4.4.0-104.127-generic 4.4.98)
[    0.000000] Command line: BOOT_IMAGE=/boot/vmuz-4.4.0-104-generic root=UUID=743b1402-d445-494c-af0b-749040bb33e4 ro console=tty1 console=ttyS0
[    0.000000] KERNEL supported cpus:
[    0.000000]   Intel GenuineIntel
[    0.000000]   AMD AuthenticAMD
[    0.000000]   Centaur CentaurHauls
[    0.000000] ------------[ cut here ]------------
[    0.000000] WARNING: CPU: 0 PID: 0 at /build/linux-SwhOyu/linux-4.4.0/arch/x86/kernel/fpu/xstate.c:517 fpu__init_system_xstate+0x38b/0x75a()
[    0.000000] XSAVE consistency problem, dumping leaves
[    0.000000] Modules linked in:
[    0.000000] CPU: 0 PID: 0 Comm: swapper Not tainted 4.4.0-104-generic #127-Ubuntu
[    0.000000]  0000000000000086 20742b70317b79ee ffffffff81e03d80 ffffffff813fb523
[    0.000000]  ffffffff81e03dc8 ffffffff81caaa28 ffffffff81e03db8 ffffffff810812e2
[    0.000000]  ffffffff81e03e48 ffffffff81e03e4c 0000000000000008 0000000000000100
[    0.000000] Call Trace:
[    0.000000]  [<ffffffff813fb523>] dump_stack+0x63/0x90
[    0.000000]  [<ffffffff810812e2>] warn_slowpath_common+0x82/0xc0
[    0.000000]  [<ffffffff8108137c>] warn_slowpath_fmt+0x5c/0x80
[    0.000000]  [<ffffffff8107cff0>] ? xfeature_size+0x59/0x77
[    0.000000]  [<ffffffff81f6d20b>] fpu__init_system_xstate+0x38b/0x75a
[    0.000000]  [<ffffffff81f5d120>] ? early_idt_handler_array+0x120/0x120
[    0.000000]  [<ffffffff81f6cb76>] fpu__init_system+0x10d/0x245
[    0.000000]  [<ffffffff81f6dc7f>] early_cpu_init+0x139/0x13e
[    0.000000]  [<ffffffff81f6dc7f>] ? early_cpu_init+0x139/0x13e
[    0.000000]  [<ffffffff81f69181>] setup_arch+0xb4/0xcf6
[    0.000000]  [<ffffffff81f5d120>] ? early_idt_handler_array+0x120/0x120
[    0.000000]  [<ffffffff81f5dc74>] start_kernel+0xe4/0x4a2
[    0.000000]  [<ffffffff81f5d120>] ? early_idt_handler_array+0x120/0x120
[    0.000000]  [<ffffffff81f5d339>] x86_64_start_reservations+0x2a/0x2c
[    0.000000]  [<ffffffff81f5d485>] x86_64_start_kernel+0x14a/0x16d
[    0.000000] ---[ end trace 4d5ff9f2f68c4233 ]---
[    0.000000] CPUID[0d, 00]: eax=00000007 ebx=00000440 ecx=00000440 edx=00000000
[    0.000000] CPUID[0d, 01]: eax=00000000 ebx=00000440 ecx=00000000 edx=00000000
[    0.000000] CPUID[0d, 02]: eax=00000100 ebx=00000240 ecx=00000000 edx=00000000
[    0.000000] CPUID[0d, 03]: eax=00000000 ebx=00000000 ecx=00000000 edx=00000000
[    0.000000] CPUID[0d, 04]: eax=00000000 ebx=00000000 ecx=00000000 edx=00000000
[    0.000000] CPUID[0d, 05]: eax=00000000 ebx=00000000 ecx=00000000 edx=00000000
[    0.000000] CPUID[0d, 06]: eax=00000000 ebx=00000000 ecx=00000000 edx=00000000
[    0.000000] CPUID[0d, 07]: eax=00000000 ebx=00000000 ecx=00000000 edx=00000000
[    0.000000] CPUID[0d, 08]: eax=00000000 ebx=00000000 ecx=00000000 edx=00000000
[    0.000000] CPUID[0d, 09]: eax=00000000 ebx=00000000 ecx=00000000 edx=00000000
[    0.000000] CPUID[0d, 0a]: eax=00000000 ebx=00000000 ecx=00000000 edx=00000000
[    0.000000] CPUID[0d, 0b]: eax=00000000 ebx=00000000 ecx=00000000 edx=00000000
[    0.000000] CPUID[0d, 0c]: eax=00000000 ebx=00000000 ecx=00000000 edx=00000000
[    0.000000] CPUID[0d, 0d]: eax=00000000 ebx=00000000 ecx=00000000 edx=00000000
[    0.000000] CPUID[0d, 0e]: eax=00000000 ebx=00000000 ecx=00000000 edx=00000000
[    0.000000] CPUID[0d, 0f]: eax=00000000 ebx=00000000 ecx=00000000 edx=00000000
[    0.000000] CPUID[0d, 10]: eax=00000000 ebx=00000000 ecx=00000000 edx=00000000
[    0.000000] CPUID[0d, 11]: eax=00000000 ebx=00000000 ecx=00000000 edx=00000000
[    0.000000] x86/fpu: xstate_offset[2]:  576, xstate_sizes[2]:  256
[    0.000000] x86/fpu: Supporting XSAVE feature 0x01: 'x87 floating point registers'
[    0.000000] x86/fpu: Supporting XSAVE feature 0x02: 'SSE registers'
[    0.000000] x86/fpu: Supporting XSAVE feature 0x04: 'AVX registers'
[    0.000000] x86/fpu: Enabled xstate features 0x7, context size is 1088 bytes, using 'standard' format.
[    0.000000] x86/fpu: Using 'lazy' FPU context switches.
[    0.000000] e820: BIOS-provided physical RAM map:
[    0.000000] BIOS-e820: [mem 0x0000000000000000-0x000000000009fbff] usable
[    0.000000] BIOS-e820: [mem 0x000000000009fc00-0x000000000009ffff] reserved
[    0.000000] BIOS-e820: [mem 0x00000000000f0000-0x00000000000fffff] reserved
[    0.000000] BIOS-e820: [mem 0x0000000000100000-0x000000003ffeffff] usable
[    0.000000] BIOS-e820: [mem 0x000000003fff0000-0x000000003fffffff] ACPI data
[    0.000000] BIOS-e820: [mem 0x00000000fec00000-0x00000000fec00fff] reserved
[    0.000000] BIOS-e820: [mem 0x00000000fee00000-0x00000000fee00fff] reserved
[    0.000000] BIOS-e820: [mem 0x00000000fffc0000-0x00000000ffffffff] reserved
[    0.000000] NX (Execute Disable) protection: active
[    0.000000] SMBIOS 2.5 present.
[    0.000000] Hypervisor detected: KVM
[    0.000000] e820: last_pfn = 0x3fff0 max_arch_pfn = 0x400000000
[    0.000000] MTRR: Disabled
[    0.000000] x86/PAT: MTRRs disabled, skipping PAT initialization too.
[    0.000000] CPU MTRRs all blank - virtualized system.
[    0.000000] x86/PAT: Configuration [0-7]: WB  WT  UC- UC  WB  WT  UC- UC  
[    0.000000] found SMP MP-table at [mem 0x0009fff0-0x0009ffff] mapped at [ffff88000009fff0]
[    0.000000] Scanning 1 areas for low memory corruption
[    0.000000] RAMDISK: [mem 0x36232000-0x37110fff]
[    0.000000] ACPI: Early table checksum verification disabled
[    0.000000] ACPI: RSDP 0x00000000000E0000 000024 (v02 VBOX  )
[    0.000000] ACPI: XSDT 0x000000003FFF0030 00003C (v01 VBOX   VBOXXSDT 00000001 ASL  00000061)
[    0.000000] ACPI: FACP 0x000000003FFF00F0 0000F4 (v04 VBOX   VBOXFACP 00000001 ASL  00000061)
[    0.000000] ACPI: DSDT 0x000000003FFF0470 0021FF (v02 VBOX   VBOXBIOS 00000002 INTL 20100528)
[    0.000000] ACPI: FACS 0x000000003FFF0200 000040
[    0.000000] ACPI: FACS 0x000000003FFF0200 000040
[    0.000000] ACPI: APIC 0x000000003FFF0240 00005C (v02 VBOX   VBOXAPIC 00000001 ASL  00000061)
[    0.000000] ACPI: SSDT 0x000000003FFF02A0 0001CC (v01 VBOX   VBOXCPUT 00000002 INTL 20100528)
[    0.000000] No NUMA configuration found
[    0.000000] Faking a node at [mem 0x0000000000000000-0x000000003ffeffff]
[    0.000000] NODE_DATA(0) allocated [mem 0x3ffeb000-0x3ffeffff]
[    0.000000] kvm-clock: Using msrs 4b564d01 and 4b564d00
[    0.000000] kvm-clock: cpu 0, msr 0:3ffe3001, primary cpu clock
[    0.000000] kvm-clock: using sched offset of 3694952271 cycles
[    0.000000] clocksource: kvm-clock: mask: 0xffffffffffffffff max_cycles: 0x1cd42e4dffb, max_idle_ns: 881590591483 ns
[    0.000000] Zone ranges:
[    0.000000]   DMA      [mem 0x0000000000001000-0x0000000000ffffff]
[    0.000000]   DMA32    [mem 0x0000000001000000-0x000000003ffeffff]
[    0.000000]   Normal   empty
[    0.000000]   Device   empty
[    0.000000] Movable zone start for each node
[    0.000000] Early memory node ranges
[    0.000000]   node   0: [mem 0x0000000000001000-0x000000000009efff]
[    0.000000]   node   0: [mem 0x0000000000100000-0x000000003ffeffff]
[    0.000000] Initmem setup node 0 [mem 0x0000000000001000-0x000000003ffeffff]
[    0.000000] ACPI: PM-Timer IO Port: 0x4008
[    0.000000] IOAPIC[0]: apic_id 2, version 32, address 0xfec00000, GSI 0-23
[    0.000000] ACPI: INT_SRC_OVR (bus 0 bus_irq 0 global_irq 2 dfl dfl)
[    0.000000] ACPI: INT_SRC_OVR (bus 0 bus_irq 9 global_irq 9 high level)
[    0.000000] Using ACPI (MADT) for SMP configuration information
[    0.000000] smpboot: Allowing 2 CPUs, 0 hotplug CPUs
[    0.000000] PM: Registered nosave memory: [mem 0x00000000-0x00000fff]
[    0.000000] PM: Registered nosave memory: [mem 0x0009f000-0x0009ffff]
[    0.000000] PM: Registered nosave memory: [mem 0x000a0000-0x000effff]
[    0.000000] PM: Registered nosave memory: [mem 0x000f0000-0x000fffff]
[    0.000000] e820: [mem 0x40000000-0xfebfffff] available for PCI devices
[    0.000000] Booting paravirtualized kernel on KVM
[    0.000000] clocksource: refined-jiffies: mask: 0xffffffff max_cycles: 0xffffffff, max_idle_ns: 7645519600211568 ns
[    0.000000] setup_percpu: NR_CPUS:512 nr_cpumask_bits:512 nr_cpu_ids:2 nr_node_ids:1
[    0.000000] PERCPU: Embedded 33 pages/cpu @ffff88003fc00000 s98200 r8192 d28776 u1048576
[    0.000000] PV qspinlock hash table entries: 256 (order: 0, 4096 bytes)
[    0.000000] Built 1 zonelists in Node order, mobility grouping on.  Total pages: 257913
[    0.000000] Policy zone: DMA32
[    0.000000] Kernel command line: BOOT_IMAGE=/boot/vmlinuz-4.4.0-104-generic root=UUID=743b1402-d445-494c-af0b-749040bb33e4 ro console=tty1 console=ttyS0
[    0.000000] PID hash table entres: 4096 (order: 3, 32768 bytes)
[    0.000000] Memory: 997344K/1048120K available (8485K kernel code, 1295K rwdata, 3988K rodata, 1492K init, 1316K bss, 50776K reserved, 0K cma-reserved)
[    0.000000] SLUB: HWalign=64, Order=0-3, MinObjects=0, CPUs=2, Nodes=1
[    0.000000] Hierarchical RCU implementation.
[    0.000000] 	Build-time adjustment of leaf fanout to 64.
[    0.000000] 	RCU restricting CPUs from NR_CPUS=512 to nr_cpu_ids=2.
[    0.000000] RCU: Adjusting geometry for rcu_fanout_leaf=64, nr_cpu_ids=2
[    0.000000] NR_IRQS:33024 nr_irqs:440 16
[    0.000000] Console: colour VGA+ 80x25
[    0.000000] console [tty1] enabled
[    0.000000] console [ttyS0] enabled
[    0.000000] tsc: Detected 2712.002 MHz processor
[   19.929712] Calibrating delay loop (skipped) preset value.. 5424.00 BogoMIPS (lpj=10848008)
[   20.109407] pid_max: default: 32768 minimum: 301
[   20.148475] ACPI: Core revision 20150930
[   20.203213] ACPI: 2 ACPI AML tables successfully acquired and loaded
[   20.333826] Security Framework initialized
[   20.398874] Yama: becoming mindful.
[   20.455571] AppArmor: AppArmor initialized
[   20.503106] Dentry cache hash table entries: 131072 (order: 8, 1048576 bytes)
[   20.686562] Inode-cache hash table entries: 65536 (order: 7, 524288 bytes)
[   20.843106] Mount-cache hash table entries: 2048 (order: 2, 16384 bytes)
[   21.004143] Mountpoint-cache hash table entries: 2048 (order: 2, 16384 bytes)
[   21.143835] Initializing cgroup subsys io
[   21.235849] Initializing cgroup subsys memory
[   21.333000] Initializing cgroup subsys devices
[   21.443412] Initializing cgroup subsys freezer
[   21.527266] Initializing cgroup subsys net_cls
[   21.652015] Initializing cgroup subsys perf_event
[   21.697912] Initializing cgroup subsys net_prio
[   21.830496] Initializing cgroup subsys hugetlb
[   21.954103] Initializing cgroup subsys pids
[   22.042548] CPU: Physical Processor ID: 0
[   22.121086] CPU: Processor Core ID: 0
[   22.195046] mce: CPU supports 0 MCE banks
[   22.306404] Last level iTLB entries: 4KB 64, 2MB 8, 4MB 8
[   22.422253] Last level dTLB entries: 4KB 64, 2MB 0, 4MB 0, 1GB 4
[   22.581598] Freeing SMP alternatives memory: 32K
[   22.712290] ftrace: allocating 32158 entries in 126 pages
[   22.835516] smpboot: APIC(0) Converting physical 0 to logical package 0
[   23.003163] smpboot: Max logical packages: 1
[   23.126237] x2apic enabled
[   23.192064] Switched APIC routing to physical x2apic.
[   23.262774] ..TIMER: vector=0x30 apic1=0 pin1=2 apic2=-1 pin2=-1
[   23.470851] smpboot: CPU0: Intel(R) Core(TM) i5-7200U CPU @ 2.50GHz (family: 0x6, model: 0x8e, stepping: 0x9)
[   23.746940] Performance Events: unsupported p6 CPU model 142 no PMU driver, software events only.
[   23.984639] KVM setup paravirtual spinlock
[   24.062021] x86: Booting SMP configuration:
[   24.138572] .... node  #0, CPUs:      #1
[   24.244543] kvm-clock: cpu 1, msr 0:3ffe3041, secondary cpu clock
[   24.295907] mce: CPU supports 0 MCE banks
[   24.299285] x86: Booted up 1 node, 2 CPUs
[   24.379310] smpboot: Total of 2 processors activated (10848.00 BogoMIPS)
[   24.556257] devtmpfs: initialized
[   24.603094] evm: security.selinux
[   24.606072] evm: security.SMACK64
[   24.671372] evm: security.SMACK64EXEC
[   24.726320] evm: security.SMACK64TRANSMUTE
[   24.783316] evm: security.SMACK64MMAP
[   24.849719] evm: security.ima
[   24.929429] evm: security.capability
[   24.998338] clocksource: jiffies: mask: 0xffffffff max_cycles: 0xffffffff, max_idle_ns: 7645041785100000 ns
[   25.205549] futex hash table entries: 512 (order: 3, 32768 bytes)
[   25.382195] pinctrl core: initialized pinctrl subsystem
[   25.528362] RTC time:  0:27:01, date: 12/18/17
[   25.628456] NET: Registered protocol family 16
[   25.735688] cpuidle: using governor ladder
[   25.835798] cpuidle: using governor menu
[   25.878481] PCCT header not found.
[   25.967687] ACPI: bus type PCI registered
[   26.062995] acpiphp: ACPI Hot Plug PCI Controller Driver version: 0.5
[   26.139176] PCI: Using configuration type 1 for base access
[   26.272277] ACPI: Added _OSI(Module Device)
[   26.351349] ACPI: Added _OSI(Processor Device)
[   26.451513] ACPI: Added _OSI(3.0 _SCP Extensions)
[   26.584641] ACPI: Added _OSI(Processor Aggregator Device)
[   26.721181] ACPI: Executed 1 blocks of module-level executable AML code
[   26.878423] ACPI: Interpreter enabled
[   26.952075] ACPI: (supports S0 S5)
[   27.005619] ACPI: Using IOAPIC for interrupt routing
[   27.143619] PCI: Using host bridge windows from ACPI; if necessary, use "pci=nocrs" and report a bug
[   27.431764] ACPI: PCI Root Bridge [PCI0] (domain 0000 [bus 00-ff])
[   27.542924] acpi PNP0A03:00: _OSC: OS supports [ASPM ClockPM Segments MSI]
[   27.732354] acpi PNP0A03:00: _OSC: not requesting OS control; OS requires [ExtendedConfig ASPM ClockPM MSI]
[   27.941826] acpi PNP0A03:00: fail to add MMCONFIG information, can't access extended PCI configuration space under this bridge.
[   28.176682] PCI host bridge to bus 0000:00
[   28.287617] pci_bus 0000:00: root bus resource [io  0x0000-0x0cf7 window]
[   28.413852] pci_bus 0000:00: root bus resource [io  0x0d00-0xffff window]
[   28.476120] pci_bus 0000:00: root bus resource [mem 0x000a0000-0x000bffff window]
[   28.695097] pci_bus 0000:00: root bus resource [mem 0x40000000-0xffdfffff window]
[   28.875623] pci_bus 0000:00: root bus resource [bus 00-ff]
[   29.016202] pci 0000:00:01.1: legacy IDE quirk: reg 0x10: [io  0x01f0-0x01f7]
[   29.141150] pci 0000:00:01.1: legacy IDE quirk: reg 0x14: [io  0x03f6]
[   29.145658] pci 0000:00:01.1: legacy IDE quirk: reg 0x18: [io  0x0170-0x0177]
[   29.302299] pci 0000:00:01.1: legacy IDE quirk: reg 0x1c: [io  0x0376]
[   29.474700] pci 0000:00:07.0: quirk: [io  0x4000-0x403f] claimed by PIIX4 ACPI
[   29.704897] pci 0000:00:07.0: quirk: [io  0x4100-0x410f] claimed by PIIX4 SMB
[   29.931265] ACPI: PCI Interrupt Link [LNKA] (IRQs 5 9 10 *11)
[   30.100476] ACPI: PCI Interrupt Link [LNKB] (IRQs 5 9 10 *11)
[   30.217280] ACPI: PCI Interrupt Link [LNKC] (IRQs 5 9 *10 11)
[   30.266271] ACPI: PCI Interrupt Link [LNKD] (IRQs 5 *9 10 11)
[   30.358175] ACPI: Enabled 2 GPEs in block 00 to 07
[   30.450492] vgaarb: setting as boot device: PCI:0000:00:02.0
[   30.580757] vgaarb: device added: PCI:0000:00:02.0,decodes=io+mem,owns=io+mem,locks=none
[   30.763760] vgaarb: loaded
[   30.846751] vgaarb: bridge control possible 0000:00:02.0
[   30.965983] SCSI subsystem initialized
[   31.058110] ACPI: bus type USB registered
[   31.168834] usbcore: registered new interface driver usbfs
[   31.314166] usbcore: registered new interface driver hub
[   31.428941] usbcore: registered new device driver usb
[   31.545962] PCI: Using ACPI for IRQ routing
[   31.698208] NetLabel: Initializing
[   31.814493] NetLabel:  domain hash size = 128
[   31.928427] NetLabel:  protocols = UNLABELED CIPSOv4
[   32.074685] NetLabel:  unlabeled traffic allowed by default
[   32.157322] amd_nb: Cannot enumerate AMD northbridges
[   32.303380] clocksource: Switched to clocksource kvm-clock
[   32.436012] AppArmor: AppArmor Filesystem Enabled
[   32.564318] pnp: PnP ACPI init
[   32.668276] pnp: PnP ACPI: found 3 devices
[   32.804522] clocksource: acpi_pm: mask: 0xffffff max_cycles: 0xffffff, max_idle_ns: 2085701024 ns
[   32.962280] NET: Registered protocol family 2
[   33.100591] TCP established hash table entries: 8192 (order: 4, 65536 bytes)
[   33.300510] TCP bind hash table entries: 8192 (order: 5, 131072 bytes)
[   33.504033] TCP: Hash tables configured (established 8192 bind 8192)
[   33.617953] UDP hash table entries: 512 (order: 2, 16384 bytes)
[   33.827860] UDP-Lite hash table entries: 512 (order: 2, 16384 bytes)
[   33.889215] NET: Registered protocol family 1
[   33.942679] pci 0000:00:00.0: Limiting direct PCI/PCI transfers
[   34.051119] pci 0000:00:01.0: Activating ISA DMA hang workarounds
[   34.133034] Unpacking initramfs...
[   34.537194] Freeing initrd memory: 15228K
[   34.601668] platform rtc_cmos: registered platform RTC device (no PNP device found)
[   34.641681] Scanning for low memory corruption every 60 seconds
[   34.649057] audit: initializing netlink subsys (disabled)
[   34.659848] audit: type=2000 audit(1513556803.547:1): initialized
[   34.666096] Initialise system trusted keyring
[   34.722507] HugeTLB registered 2 MB page size, pre-allocated 0 pages
[   34.825726] zbud: loaded
[   34.862176] VFS: Disk quotas dquot_6.6.0
[   34.892728] VFS: Dquot-cache hash table entries: 512 (order 0, 4096 bytes)
[   34.924134] squashfs: version 4.0 (2009/01/31) Phillip Lougher
[   35.038206] fuse init (API version 7.23)
[   35.101813] Key type big_key registered
[   35.112141] Allocating IMA MOK and blacklist keyrings.
[   35.138352] Key type asymmetric registered
[   35.180560] Asymmetric key parser 'x509' registered
[   35.202427] Block layer SCSI generic (bsg) driver version 0.4 loaded (major 249)
[   35.238930] io scheduler noop registered
[   35.257798] io scheduler deadline registered (default)
[   35.272546] io scheduler cfq registered
[   35.276005] pci_hotplug: PCI Hot Plug PCI Core version: 0.5
[   35.316376] pciehp: PCI Express Hot Plug Controller Driver version: 0.4
[   35.424958] ACPI: AC Adapter [AC] (on-line)
[   35.426967] input: Power Button as /devices/LNXSYSTM:00/LNXPWRBN:00/input/input0
[   35.504948] ACPI: Power Button [PWRF]
[   35.572881] input: Sleep Button as /devices/LNXSYSTM:00/LNXSLPBN:00/input/input1
[   35.661246] tsc: Refined TSC clocksource calibration: 2711.322 MHz
[   35.761289] clocksource: tsc: mask: 0xffffffffffffffff max_cycles: 0x2715061f34e, max_idle_ns: 440795340574 ns
[   35.761326] ACPI: Sleep Button [SLPF]
[   35.761535] GHES: HEST is not enabled!
[   35.869707] ACPI: Battery Slot [BAT0] (battery present)
[   35.869747] Serial: 8250/16550 driver, 32 ports, IRQ sharing enabled
[   35.943969] 00:02: ttyS0 at I/O 0x3f8 (irq = 4, base_baud = 115200) is a 16550A
[   35.987552] Linux agpgart interface v0.103
[   36.028566] loop: module loaded
[   36.030380] scsi host0: ata_piix
[   36.030453] scsi host1: ata_piix
[   36.030487] ata1: PATA max UDMA/33 cmd 0x1f0 ctl 0x3f6 bmdma 0xd000 irq 14
[   36.030488] ata2: PATA max UDMA/33 cmd 0x170 ctl 0x376 bmdma 0xd008 irq 15
[   36.030687] libphy: Fixed MDIO Bus: probed
[   36.030690] tun: Universal TUN/TAP device driver, 1.6
[   36.030691] tun: (C) 1999-2004 Max Krasnyansky <maxk@qualcomm.com>
[   36.031280] PPP generic driver version 2.4.2
[   36.031388] ehci_hcd: USB 2.0 'Enhanced' Host Controller (EHCI) Driver
[   36.031395] ehci-pci: EHCI PCI platform driver
[   36.031415] ehci-platform: EHCI generic platform driver
[   36.031427] ohci_hcd: USB 1.1 'Open' Host Controller (OHCI) Driver
[   36.031430] ohci-pci: OHCI PCI platform driver
[   36.031438] ohci-platform: OHCI generic platform driver
[   36.031446] uhci_hcd: USB Universal Host Controller Interface driver
[   36.031612] i8042: PNP: PS/2 Controller [PNP0303:PS2K,PNP0f03:PS2M] at 0x60,0x64 irq 1,12
[   36.032161] serio: i8042 KBD port at 0x60,0x64 irq 1
[   36.032169] serio: i8042 AUX port at 0x60,0x64 irq 12
[   36.032307] mousedev: PS/2 mouse device common for all mice
[   36.032692] input: AT Translated Set 2 keyboard as /devices/platform/i8042/serio0/input/input2
[   36.033096] rtc_cmos rtc_cmos: rtc core: registered rtc_cmos as rtc0
[   36.033162] rtc_cmos rtc_cmos: alarms up to one day, 114 bytes nvram
[   36.033171] i2c /dev entries driver
[   36.033236] device-mapper: uevent: version 1.0.3
[   36.033300] device-mapper: ioctl: 4.34.0-ioctl (2015-10-28) initialised: dm-devel@redhat.com
[   36.033317] ledtrig-cpu: registered to indicate activity on CPUs
[   36.033942] NET: Registered protocol family 10
[   36.034134] NET: Registered protocol family 17
[   36.034143] Key type dns_resolver registered
[   36.034289] microcode: CPU0 sig=0x806e9, pf=0x8, revision=0x0
[   36.071136] microcode: CPU1 sig=0x806e9, pf=0x8, revision=0x0
[   36.071226] microcode: Microcode Update Driver: v2.01 <tigran@aivazian.fsnet.co.uk>, Peter Oruba
[   36.071382] registered taskstats version 1
[   36.071400] Loading compiled-in X.509 certificates
[   36.072188] Loaded X.509 cert 'Build time autogenerated kernel key: 8537ad706776f532219d7336343c968b9f82f7c7'
[   36.072235] zswap: loaded using pool lzo/zbud
[   36.073941] Key type trusted registered
[   36.076508] Key type encrypted registered
[   36.076515] AppArmor: AppArmor sha1 policy hashing enabled
[   36.076518] ima: No TPM chip found, activating TPM-bypass!
[   36.076537] evm: HMAC attrs: 0x1
[   36.076796]   Magic number: 13:312:456
[   36.076820] mem urandom: hash matches
[   36.136909] rtc_cmos rtc_cmos: setting system clock to 2017-12-18 00:27:11 UTC (1513556831)
[   36.137064] BIOS EDD facility v0.16 2004-Jun-25, 0 devices found
[   36.137064] EDD information not available.
[   39.141342] Freeing unused kernel memory: 1492K
[   39.207939] Write protecting the kernel read-only data: 14336k
[   39.357812] Freeing unused kernel memory: 1744K
[   39.475283] Freeing unused kernel memory: 108K
Loading, please [   39.604046] random: systemd-udevd: uninitialized urandom read (16 bytes read, 7 bits of entropy available)
wait...
startin[   39.604984] random: udevadm: uninitialized urandom read (16 bytes read, 7 bits of entropy available)
g version 229
[   39.605011] random: udevadm: uninitialized urandom read (16 bytes read, 7 bits of entropy available)
[   39.613383] random: udevadm: uninitialized urandom read (16 bytes read, 7 bits of entropy available)
[   39.613421] random: udevadm: uninitialized urandom read (16 bytes read, 7 bits of entropy available)
[   39.613563] random: udevadm: uninitialized urandom read (16 bytes read, 7 bits of entropy available)
[   39.613612] random: udevadm: uninitialized urandom read (16 bytes read, 7 bits of entropy available)
[   39.613661] random: udevadm: uninitialized urandom read (16 bytes read, 7 bits of entropy available)
[   39.613717] random: udevadm: uninitialized urandom read (16 bytes read, 7 bits of entropy available)
[   39.613838] random: udevadm: uninitialized urandom read (16 bytes read, 7 bits of entropy available)
[   40.842291] e1000: Intel(R) PRO/1000 Network Driver - version 7.3.21-k8-NAPI
[   40.903524] e1000: Copyright (c) 1999-2006 Intel Corporation.
[   40.916170] Fusion MPT base driver 3.04.20
[   40.920106] Copyright (c) 1999-2008 LSI Corporation
[   40.976711] AVX version of gcm_enc/dec engaged.
[   41.034638] AES CTR mode by8 optimization enabled
[   41.141927] Fusion MPT SPI Host driver 3.04.20
[   41.169940] input: ImExPS/2 Generic Explorer Mouse as /devices/platform/i8042/serio1/input/input4
[   41.372216] e1000 0000:00:03.0 eth0: (PCI:33MHz:32-bit) 02:63:8e:2c:ef:cd
[   41.414264] e1000 0000:00:03.0 eth0: Intel(R) PRO/1000 Network Connection
[   41.529283] e1000 0000:00:03.0 enp0s3: renamed from eth0
[   41.557924] mptbase: ioc0: Initiating bringup
[   41.644358] ioc0: LSI53C1030 A0: Capabilities={Initiator}
[   41.881485] scsi host2: ioc0: LSI53C1030 A0, FwRev=00000000h, Ports=1, MaxQ=256, IRQ=20
[   42.040107] scsi 2:0:0:0: Direct-Access     VBOX     HARDDISK         1.0  PQ: 0 ANSI: 5
[   42.160297] scsi target2:0:0: Beginning Domain Validation
[   42.277018] scsi target2:0:0: Domain Validation skipping write tests
[   42.361643] scsi target2:0:0: Ending Domain Validation
[   42.414140] scsi target2:0:0: asynchronous
[   42.417910] scsi 2:0:1:0: Direct-Access     VBOX     HARDDISK         1.0  PQ: 0 ANSI: 5
[   42.613152] scsi target2:0:1: Beginning Domain Validation
[   42.750518] scsi target2:0:1: Domain Validation skipping write tests
[   42.871106] scsi target2:0:1: Ending Domain Validation
[   42.952902] scsi target2:0:1: asynchronous
[   42.992419] sd 2:0:0:0: Attached scsi generic sg0 type 0
[   43.073168] sd 2:0:1:0: Attached scsi generic sg1 type 0
[   43.166641] sd 2:0:0:0: [sda] 20971520 512-byte logical blocks: (10.7 GB/10.0 GiB)
[   43.166768] sd 2:0:1:0: [sdb] 20480 512-byte logical blocks: (10.5 MB/10.0 MiB)
[   43.166948] sd 2:0:1:0: [sdb] Write Protect is off
[   43.167035] sd 2:0:1:0: [sdb] Incomplete mode parameter data
[   43.167036] sd 2:0:1:0: [sdb] Assuming drive cache: write through
[   43.169734] sd 2:0:1:0: [sdb] Attached SCSI disk
[   43.585180] sd 2:0:0:0: [sda] Write Protect is off
[   43.645812] sd 2:0:0:0: [sda] Incomplete mode parameter data
[   43.700487] sd 2:0:0:0: [sda] Assuming drive cache: write through
[   43.776572]  sda: sda1
[   43.826870] sd 2:0:0:0: [sda] Attached SCSI disk
[   43.907452] floppy0: no floppy controllers found
Begin: Loading e[   45.398084] md: linear personality registered for level -1
ssential drivers[   45.513586] md: multipath personality registered for level -4
 ... [   45.668419] md: raid0 personality registered for level 0
[   45.769102] md: raid1 personality registered for level 1
[   45.899495] raid6: sse2x1   gen()  5134 MB/s
[   46.018017] raid6: sse2x1   xor()  3639 MB/s
[   46.124279] raid6: sse2x2   gen()  7038 MB/s
[   46.219453] raid6: sse2x2   xor()  4524 MB/s
[   46.327424] raid6: sse2x4   gen()  7688 MB/s
[   46.460010] raid6: sse2x4   xor()  5403 MB/s
[   46.518282] raid6: using algorithm sse2x4 gen() 7688 MB/s
[   46.575661] raid6: .... xor() 5403 MB/s, rmw enabled
[   46.672378] raid6: using ssse3x2 recovery algorithm
[   46.798040] xor: automatically using best checksumming function:
[   46.887493]    avx       : 15262.000 MB/sec
[   46.918620] async_tx: api initialized (async)
[   46.971444] md: raid6 personality registered for level 6
[   47.072824] md: raid5 personality registered for level 5
[   47.124479] md: raid4 personality registered for level 4
[   47.136633] md: raid10 personality registered for level 10
done.
Begin: Running /scripts/init-premount ... done.[   47.276508] Btrfs loaded

Begin: Mounting root file system ... Begin: Running /scripts/lo[   47.370000] EXT4-fs (sda1): INFO: recovery required on readonly filesystem
cal-top ... done[   47.472204] EXT4-fs (sda1): write access will be enabled during recovery
.
Begin: Running /scripts/local-premount ... Scanning for Btrfs filesystems
done.
Warning: fsck not present, [   47.626139] EXT4-fs (sda1): recovery complete
so skipping root[   47.683858] EXT4-fs (sda1): mounted filesystem with ordered data mode. Opts: (null)
 file system
done.
Begin: Running /scripts/local-bottom ... done.
Begin: Running /scripts/init-bottom ... done.
[   47.876882] systemd[1]: systemd 229 running in system mode. (+PAM +AUDIT +SELINUX +IMA +APPARMOR +SMACK +SYSVINIT +UTMP +LIBCRYPTSETUP +GCRYPT +GNUTLS +ACL +XZ -LZ4 +SECCOMP +BLKID +ELFUTILS +KMOD -IDN)
[   48.045303] systemd[1]: Detected virtualization oracle.
[   48.092174] systemd[1]: Detected architecture x86-64.

Welcome to [1mUbuntu 16.04.3 LTS[0m!

[   48.204202] systemd[1]: Set hostname to <ubuntu-xenial>.
[   48.366616] random: nonblocking pool is initialized
[   48.547696] systemd[1]: Listening on Syslog Socket.
[[0;32m  OK  [0m] Listening on Syslog Socket.
[   48.666070] systemd[1]: Listening on Journal Socket.
[[0;32m  OK  [0m] Listening on Journal Socket.
[   48.800518] systemd[1]: Set up automount Arbitrary Executable File Formats File System Automount Point.
[[0;32m  OK  [0m] Set up automount Arbitrary Executab...ats File System Automount Point.
[   49.012481] systemd[1]: Listening on LVM2 poll daemon socket.
[[0;32m  OK  [0m] Listening on LVM2 poll daemon socket.
[   49.156643] systemd[1]: Listening on Journal Socket (/dev/log).
[[0;32m  OK  [0m] Listening on Journal Socket (/dev/log).
[   49.300722] systemd[1]: Started Trigger resolvconf update for networkd DNS.
[[0;32m  OK  [0m] Started Trigger resolvconf update for networkd DNS.
[   49.468013] systemd[1]: Reached target Swap.
[[0;32m  OK  [0m] Reached target Swap.
[   49.583936] systemd[1]: Listening on udev Control Socket.
[[0;32m  OK  [0m] Listening on udev Control Socket.
[   49.724563] systemd[1]: Created slice System Slice.
[[0;32m  OK  [0m] Created slice System Slice.
[   49.888204] systemd[1]: Mounting POSIX Message Queue File System...
         Mounting POSIX Message Queue File System...
[   50.056161] systemd[1]: Starting Create list of required static device nodes for the current kernel...
         Starting Create list of required st... nodes for the current kernel...
[   50.264208] systemd[1]: Starting Set console keymap...
         Starting Set console keymap...
[   50.379876] systemd[1]: Mounting Huge Pages File System...
         Mounting Huge Pages File System...
[   50.520244] systemd[1]: Starting Remount Root and Kernel File Systems...
[   50.524399] EXT4-fs (sda1): re-mounted. Opts: (null)
         Starting Remount Root and Kernel File Systems...
[   50.720411] systemd[1]: Starting Nameserver information manager...
         Starting Nameserver information manager...
[   50.855902] systemd[1]: Reached target Encrypted Volumes.
[[0;32m  OK  [0m] Reached target Encrypted Volumes.
[   50.979604] systemd[1]: Starting Load Kernel Modules...
         Startin[   51.015820] Loading iSCSI transport class v2.0-870.
g Load Kernel Mo[   51.050488] iscsi: registered transport (tcp)
dules...
[   51.136410] systemd[1]: Listening on LVM2 metadata daemon socket.
[[0;32m  OK  [0[   51.210338] iscsi: registered transport (iser)
m] Listening on LVM2 metadata daemon socket.
[   51.327998] systemd[1]: Started Forward Password Requests to Wall Directory Watch.
[[0;32m  OK  [0m] Started Forward Password Requests to Wall Directory Watch.
[   51.468628] systemd[1]: Created slice User and Session Slice.
[[0;32m  OK  [0m] Created slice User and Session Slice.
[   51.603696] systemd[1]: Reached target Slices.
[[0;32m  OK  [0m] Reached target Slices.
[   51.707744] systemd[1]: Reached target User and Group Name Lookups.
[[0;32m  OK  [0m] Reached target User and Group Name Lookups.
[   51.856426] systemd[1]: Created slice system-serial\x2dgetty.slice.
[[0;32m  OK  [0m] Created slice system-serial\x2dgetty.slice.
[   51.988280] systemd[1]: Mounting Debug File System...
         Mounting Debug File System...
[   52.108135] systemd[1]: Listening on /dev/initctl Compatibility Named Pipe.
[[0;32m  OK  [0m] Listening on /dev/initctl Compatibility Named Pipe.
[   52.268114] systemd[1]: Listening on udev Kernel Socket.
[[0;32m  OK  [0m] Listening on udev Kernel Socket.
[   52.396771] systemd[1]: Listening on Journal Audit Socket.
[[0;32m  OK  [0m] Listening on Journal Audit Socket.
[   52.539852] systemd[1]: Starting Journal Service...
         Starting Journal Service...
[   52.688045] systemd[1]: Starting Uncomplicated firewall...
         Starting Uncomplicated firewall...
[   52.824538] systemd[1]: Listening on Device-mapper event daemon FIFOs.
[[0;32m  OK  [0m] Listening on Device-mapper event daemon FIFOs.
[   52.992346] systemd[1]: Starting Monitoring of LVM2 mirrors, snapshots etc. using dmeventd or progress polling...
         Starting Monitoring of LVM2 mirrors... dmeventd or progress polling...
[   53.280662] systemd[1]: Mounted POSIX Message Queue File System.
[[0;32m  OK  [0m] Mounted POSIX Message Queue File System.
[   53.412379] systemd[1]: Mounted Debug File System.
[[0;32m  OK  [0m] Mounted Debug File System.
[   53.543846] systemd[1]: Mounted Huge Pages File System.
[[0;32m  OK  [0m] Mounted Huge Pages File System.
[   53.647970] systemd[1]: Started Journal Service.
[[0;32m  OK  [0m] Started Journal Service.
[[0;32m  OK  [0m] Started Create list of required sta...ce nodes for the current kernel.
[[0;32m  OK  [0m] Started Set console keymap.
[[0;32m  OK  [0m] Started Remount Root and Kernel File Systems.
[[0;32m  OK  [0m] Started Load Kernel Modules.
[[0;32m  OK  [0m] Started Uncomplicated firewall.
[[0;32m  OK  [0m] Started Nameserver information manager.
[[0;32m  OK  [0m] Started LVM2 metadata daemon.
         Mounting FUSE Control File System...
         Starting Apply Kernel Variables...
         Starting Load/Save Random Seed...
         Starting Initial cloud-init job (pre-networking)...
         Starting udev Coldplug all Devices...
         Starting Create Static Device Nodes in /dev...
         Starting Flush Journal to Persistent Storage...
[[0;32m  OK  [0m] Mounted FUSE Control File System.
[[0;32m  OK  [0m] Started Monitoring of LVM2 mirrors,...ng dmeventd or progress polling.
[[0;32m  OK  [0m] Started Apply Kernel Variables.
[[0;32m  OK  [0m] Started Load/Save Random Seed.
[[0;32m  OK  [0m] Started Create Static Device Nodes in /dev.
[[0;32m  OK  [0m] Started udev Coldplug all Devices.
[[0;32m  OK  [0m] Started Flush Journal to Persistent Storage.
         Starting udev Kernel Device Manager...
[[0;32m  OK  [0m] Started udev Kernel Device Manager.
[[0;32m  OK  [0m] Reached target Local File Systems (Pre).
[[0;32m  OK  [0m] Reached target Local File Systems.
         Starting Set console font and keymap...
         Starting Tell Plymouth To Write Out Runtime Data...
         Starting Create Volatile Files and Directories...
[   24.364238] cloud-init[459]: Cloud-init v. 17.1 running 'init-local' at Mon, 18 Dec 2017 00:27:30 +0000. Up 23.74 seconds.
         Starting LSB: AppArmor initialization...
[[0;32m  OK  [0m] Started Dispatch Password Requests to Console Directory Watch.
[[0;32m  OK  [0m] Started Set console font and keymap.
[[0;32m  OK  [0m] Started Tell Plymouth To Write Out Runtime Data.
[[0;32m  OK  [0m] Started Create Volatile Files and Directories.
[[0;32m  OK  [0m] Started Initial cloud-init job (pre-networking).
[[0;32m  OK  [0m] Found device /dev/ttyS0.
[[0;32m  OK  [0m] Listening on Load/Save RF Kill Switch Status /dev/rfkill Watch.
[[0;32m  OK  [0m] Reached target Network (Pre).
         Starting Update UTMP about System Boot/Shutdown...
[[0;32m  OK  [0m] Reached target System Time Synchronized.
[[0;32m  OK  [0m] Created slice system-getty.slice.
[[0;32m  OK  [0m] Started LSB: AppArmor initialization.
[[0;32m  OK  [0m] Started ifup for enp0s3.
         Starting Raise network interfaces...
[[0;32m  OK  [0m] Started Update UTMP about System Boot/Shutdown.
[[0;32m  OK  [0m] Started Raise network interfaces.
         Starting Initial cloud-init job (metadata service crawler)...
[[0;32m  OK  [0m] Reached target Network.
[   28.178434] cloud-init[973]: Cloud-init v. 17.1 running 'init' at Mon, 18 Dec 2017 00:27:34 +0000. Up 27.66 seconds.
[[0;32m  OK  [0m] Started Initial cloud-init job (metadata service crawler).
[   28.319174] [cloud-init[0;32m  OK  [0m[973]: ] ci-info: +++++++++++++++++++++++++++++++++++++Net device info++++++++++++++++++++++++++++++++++++++Reached target Network is Online.

[   28.415312] cloud-init[973]: ci-info: +--------+------+----------------------------+---------------+-------+-------------------+
[   28.785081]          cloud-initStarting iSCSI initiator daemon (iscsid)...[973]: 
ci-info: | Device |  Up  |          Address           |      Mask     | Scope |     Hw-Address    |
[   29.000947] [cloud-init[0;32m  OK  [0m[973]: ] ci-info: +--------+------+----------------------------+---------------+-------+-------------------+Reached target System Initialization.

[   29.223043] [cloud-init[0;32m  OK  [0m[973]: ] ci-info: | enp0s3 | True |         10.0.2.15          | 255.255.255.0 |   .   | 02:63:8e:2c:ef:cd |Listening on ACPID Listen Socket.

[[0;32m  OK  [0m] Listening on D-Bus System Message Bus Socket.
[   29.223393] cloud-init[973]: ci-info: | enp0s3 | True | fe80::63:8eff:fe2c:efcd/64 |       .       |  link | 02:63:8e:2c:ef:cd |
[   29.660410] [cloud-init[0;32m  OK  [0m[973]: ] ci-info: |   lo   | True |         127.0.0.1          |   255.0.0.0   |   .   |         .         |Started Timer to automatically refresh installed snaps.

[   29.740535] cloud-init[973]: ci-info: |   lo   | True |          ::1/128           |       .       |  host |         .         |
[   29.848841] cloud-init[973]: ci-info: +--------+------+----------------------------+---------------+-------+-------------------+
[   30.004851]          cloud-initStarting LXD - unix socket.[973]: 
ci-info: +++++++++++++++++++++++++++Route IPv4 info++++++++++++++++++++++++++++
[   30.172724] cloud-init[973]: ci-info: +-------+-------------+----------+---------------+-----------+-------+
[[0;32m  OK  [0m] Started Daily apt download activities.
[   30.173365] cloud-init[973]: ci-info: | Route | Destination | Gateway  |    Genmask    | Interface | Flags |
[   30.488641] [cloud-init[0;32m  OK  [0m[973]: ] ci-info: +-------+-------------+----------+---------------+-----------+-------+Started ACPI Events Check.

[   30.669228] [cloud-init[0;32m  OK  [0m[973]: ] ci-info: |   0   |   0.0.0.0   | 10.0.2.2 |    0.0.0.0    |   enp0s3  |   UG  |Reached target Paths.

[   30.856659] [cloud-init[0;32m  OK  [0m[973]: ] ci-info: |   1   |   10.0.2.0  | 0.0.0.0  | 255.255.255.0 |   enp0s3  |   U   |Started Daily Cleanup of Temporary Directories.

[   31.068635]          cloud-initStarting Socket activation for snappy daemon.[973]: 
ci-info: +-------+-------------+----------+---------------+-----------+-------+
[[0;32m  OK  [0m] Started Daily apt upgrade and clean activities.
[[0;32m  OK  [0m] Reached target Timers.
[[0;32m  OK  [0m] Listening on UUID daemon activation socket.
[[0;32m  OK  [0m] Reached target Cloud-config availability.
[[0;32m  OK  [0m] Listening on LXD - unix socket.
[[0;32m  OK  [0m] Listening on Socket activation for snappy daemon.
[[0;32m  OK  [0m] Started iSCSI initiator daemon (iscsid).
         Starting Login to default iSCSI targets...
[[0;32m  OK  [0m] Reached target Sockets.
[[0;32m  OK  [0m] Reached target Basic System.
[[0;32m  OK  [0m] Started ACPI event daemon.
         Starting LSB: Record successful boot for GRUB...
[[0;32m  OK  [0m] Started D-Bus System Message Bus.
         Starting LSB: MD monitoring daemon...
[[0;32m  OK  [0m] Started FUSE filesystem for LXC.
         Starting Login Service...
         Starting Accounts Service...
[[0;32m  OK  [0m] Started Unattended Upgrades Shutdown.
[[0;32m  OK  [0m] Started Deferred execution scheduler.
         Starting LXD - container startup/shutdown...
         Starting /etc/rc.local Compatibility...
         Starting Apply the settings specified in cloud-config...
         Starting Snappy daemon...
[[0;32m  OK  [0m] Started Regular background program processing daemon.
         Starting System Logging Service...
         Starting OpenBSD Secure Shell server...
[[0;32m  OK  [0m] Started System Logging Service.
[[0;32m  OK  [0m] Started Snappy daemon.
[[0;32m  OK  [0m] Started OpenBSD Secure Shell server.
[[0;32m  OK  [0m] Started LXD - container startup/shutdown.
[[0;32m  OK  [0m] Started /etc/rc.local Compatibility.
[   33.370994] cloud-init[1069]: Cloud-init v. 17.1 running 'modules:config' at Mon, 18 Dec 2017 00:27:40 +0000. Up 33.16 seconds.
[[0;32m  OK  [0m] Started Login to default iSCSI targets.
[[0;32m  OK  [0m] Started LSB: Record successful boot for GRUB.
[[0;32m  OK  [0m] Started Apply the settings specified in cloud-config.
[[0;32m  OK  [0m] Started LSB: MD monitoring daemon.
[[0;32m  OK  [0m] Started Login Service.
         Starting Authenticate and Authorize Users to Run Privileged Tasks...
[[0;32m  OK  [0m] Reached target Remote File Systems (Pre).
[[0;32m  OK  [0m] Reached target Remote File Systems.
         Starting LSB: daemon to balance interrupts for SMP systems...
         Starting LSB: VirtualBox Linux Additions...
         Starting LSB: automatic crash report generation...
         Starting Permit User Sessions...
         Starting LSB: Set the CPU Frequency Scaling governor to "ondemand"...
[[0;32m  OK  [0m] Started Permit User Sessions.
[[0;32m  OK  [0m] Started Authenticate and Authorize Users to Run Privileged Tasks.
[[0;32m  OK  [0m] Started Accounts Service.
[[0;32m  OK  [0m] Created slice User Slice of ubuntu.
[[0;32m  OK  [0m] Started Session 1 of user ubuntu.
         Starting User Manager for UID 1000...
         Starting Hold until boot process finishes up...
         Starting Terminate Plymouth Boot Screen...
[[0;32m  OK  [0m] Started User Manager for UID 1000.
[[0;32m  OK  [0m] Started LSB: daemon to balance interrupts for SMP systems.
[[0;32m  OK  [0m] Started LSB: VirtualBox Linux Additions.
[[0;32m  OK  [0m] Started LSB: automatic crash report generation.
[[0;32m  OK  [0m] Started LSB: Set the CPU Frequency Scaling governor to "ondemand".
[[0;32m  OK  [0m] Started Hold until boot process finishes up.
[[0;32m  OK  [0m] Started Terminate Plymouth Boot Screen.
[[0;32m  OK  [0m] Started Serial Getty on ttyS0.
[[0;32m  OK  [0m] Started Getty on tty1.
[[0;32m  OK  [0m] Reached target Login Prompts.
         Starting Set console scheme...
[[0;32m  OK  [0m] Reached target Multi-User System.
[[0;32m  OK  [0m] Reached target Graphical Interface.
         Starting Execute cloud user/final scripts...
         Starting Update UTMP about System Runlevel Changes...
[[0;32m  OK  [0m] Started Set console scheme.
[[0;32m  OK  [0m] Started Update UTMP about System Runlevel Changes.
[   37.298315] cloud-init[1213]: Cloud-init v. 17.1 running 'modules:final' at Mon, 18 Dec 2017 00:27:44 +0000. Up 37.07 seconds.
[   37.396714] cloud-init[1213]: Cloud-init v. 17.1 finished at Mon, 18 Dec 2017 00:27:44 +0000. Datasource DataSourceNoCloud [seed=/dev/sdb][dsmode=net].  Up 37.28 seconds
[[0;32m  OK  [0m] Started Execute cloud user/final scripts.
[[0;32m  OK  [0m] Reached target Cloud-init target.
         Starting Daily apt download activities...
         Stopping User Manager for UID 1000...
[[0;32m  OK  [0m] Stopped User Manager for UID 1000.
[[0;32m  OK  [0m] Removed slice User Slice of ubuntu.

Ubuntu 16.04.3 LTS ubuntu-xenial ttyS0

ubuntu-xenial login: 