[    0.000000] Initializing cgroup subsys cpuset
[    0.000000] Initializing cgroup subsys cpu
[    0.000000] Initializing cgroup subsys cpuacct
[    0.000000] Linux version 4.4.0-104-generic (buildd@lgw01-amd64-022) (gcc version 5.4.0 20160609 (Ubuntu 5.4.0-6ubuntu1~16.04.5) ) #127-Ubuntu SMP Mon Dec 11 12:16:42 UTC 2017 (Ubuntu 4.4.0-104.127-generic 4.4.98)
[    0.000000] Command line: BOOT_IMAGE=/boot/vmlinuz-4.4.0-104-generic root=UUID=743b1402-d445-494c-af0b-749040bb33e4 ro console=tty1 console=ttyS0
[    0.000000] KERNEL supporte cpus:
[    0.000000]   Intel GenuineIntel
[    0.000000]   AMD AuthenticAMD
[    0.000000]   Centaur CentaurHauls
[    0.000000] ------------[ cut here ]------------
[    0.000000] WARNING: CPU: 0 PID: 0 at /build/linux-SwhOyu/linux-4.4.0/arch/x86/kernel/fpu/xstate.c:517 fpu__init_system_xstate+0x38b/0x75a()
[    0.000000] XSAVE consistency problem, dumping leaves
[    0.000000] Modules linked in:
[    0.000000] CPU: 0 PID: 0 Comm: swapper Not tainted 4.4.0-104-generic #127-Ubuntu
[    0.000000]  0000000000000086 14b37a1125bac88f ffffffff81e03d80 ffffffff813fb523
[    0.000000]  ffffffff81e03dc8 ffffffff81caaa28 ffffffff81e03db8 ffffffff810812e2
[    0.000000]  ffffffff81e03e48 ffffffff81e03e4c 0000000000000008 0000000000000100
[    0.000000] Call Trace:
[    0.000000]  [<ffffffff813fb523>] dump_stack+0x63/0x90
[    0.000000]  [<ffffffff810812e2>] warn_slowpath_common+0x82/0xc0
[    0.000000]  [<ffffffff8108137c>] warn_slowpath_fmt+0x5c/0x80
[    0.000000]  [<ffffffff8107cff0>] ? xfeature_size+0x59/0x77
[    0.000000]  [<ffffffff81f6d20b>] fpu__init_system_xstate+0x38b/0x75a
[    0.000000]  [<ffffffff81f5d120>] ? early_idt_handler_array+0x120/0x120
[    0.000000]  [<ffffffff81f6cb76>] fpu__init_system+0x10d/0x245
[    0.000000]  [<ffffffff81f6dc7f>] early_cpu_init+0x139/0x13e
[    0.000000]  [<ffffffff81f6dc7f>] ? early_cpu_init+0x139/0x13e
[    0.000000]  [<ffffffff81f69181>] setup_arch+0xb4/0xcf6
[    0.000000]  [<ffffffff81f5d120>] ? early_idt_handler_array+0x120/0x120
[    0.000000]  [<ffffffff81f5dc74>] start_kernel+0xe4/0x4a2
[    0.000000]  [<ffffffff81f5d120>] ? early_idt_handler_array+0x120/0x120
[    0.000000]  [<ffffffff81f5d339>] x86_64_start_reservations+0x2a/0x2c
[    0.000000]  [<ffffffff81f5d485>] x86_64_start_kernel+0x14a/0x16d
[    0.000000] ---[ end trace 4d5ff9f2f68c4233 ]---
[    0.000000] CPUID[0d, 00]: eax=00000007 ebx=00000440 ecx=00000440 edx=00000000
[    0.000000] CPUID[0d, 01]: eax=00000000 ebx=00000440 ecx=00000000 edx=00000000
[    0.000000] CPUID[0d, 02]: eax=00000100 ebx=00000240 ecx=00000000 edx=00000000
[    0.000000] CPUID[0d, 03]: eax=00000000 ebx=00000000 ecx=00000000 edx=00000000
[    0.000000] CPUID[0d, 04]: eax=00000000 ebx=00000000 ecx=0000000 edx=00000000
[    0.000000] CPUID[0d, 05]: eax=00000000 ebx=00000000 ecx=00000000 edx=00000000
[    0.000000] CPUID[0d, 06]: eax=00000000 ebx=00000000 ecx=00000000 edx=00000000
[    0.000000] CPUID[0d, 07]: eax=00000000 ebx=00000000 ecx=00000000 edx=00000000
[    0.000000] CPUID[0d, 08]: eax=00000000 ebx=00000000 ecx=00000000 edx=00000000
[    0.000000] CPUID[0d, 09]: eax=00000000 ebx=00000000 ecx=00000000 edx=00000000
[    0.000000] CPUID[0d, 0a]: eax=00000000 ebx=00000000 ecx=00000000 edx=00000000
[    0.000000] CPUID[0d, 0b]: eax=00000000 ebx=00000000 ecx=00000000 edx=00000000
[    0.000000] CPUID[0d, 0c]: eax=00000000 ebx=00000000 ecx=00000000 edx=00000000
[    0.000000] CPUID[0d, 0d]: eax=00000000 ebx=00000000 ecx=00000000 edx=00000000
[    0.000000] CPUID[0d, 0e]: eax=00000000 ebx=00000000 ecx=00000000 edx=00000000
[    0.000000] CPUID[0d, 0f]: eax=00000000 ebx=00000000 ecx=00000000 edx=00000000
[    0.000000] CPUID[0d, 10]: eax=00000000 ebx=00000000 ecx=00000000 edx=00000000
[    0.000000] CPUID[0d, 11]: eax=00000000 ebx=00000000 ecx=00000000 edx=00000000
[    0.000000] x86/fpu: xstate_offset[2]:  576, xstate_sizes[2]:  256
[    0.000000] x86/fpu: Supporting XSAVE feature 0x01: 'x87 floating point registers'
[    0.000000] x86/fpu: Supporting XSAVE feature 0x02: 'SSE registers'
[    0.000000] x86/fpu: Supporting XSAVE feature 0x04: 'AVX registers'
[    0.000000] x86/fpu: Enabled xstate features 0x7, context size is 1088 bytes, using 'standard' format.
[    0.000000] x86/fpu: Using 'lazy' FPU context switches.
[    0.000000] e820: BIOS-provided physical RAM map:
[    0.000000] BIOS-e820: [mem 0x0000000000000000-0x000000000009fbff] usable
[    0.000000] BIOS-e820: [mem 0x000000000009fc00-0x000000000009ffff] reserved
[    0.000000] BIOS-e820: [mem 0x00000000000f0000-0x00000000000fffff] reserved
[    0.000000] BIOS-e820: [mem 0x0000000000100000-0x000000003ffeffff] usable
[    0.000000] BIOS-e820: [mem 0x000000003fff0000-0x000000003fffffff] ACPI data
[    0.000000] BIOS-e820: [mem 0x00000000fec00000-0x00000000fec00fff] reserved
[    0.000000] BIOS-e820: [mem 0x00000000fee00000-0x00000000fee00fff] reserved
[    0.000000] BIOS-e820: [mem 0x00000000fffc0000-0x00000000ffffffff] reserved
[    0.000000] NX (Execute Disable) protection: active
[    0.000000] SMBIOS 2.5 present.
[    0.000000] Hypervisor detected: KVM
[    0.000000] e820: last_pfn = 0x3fff0 max_arch_pfn = 0x400000000
[    0.000000] MTRR: Disabled
[    0.000000] x86/PAT: MTRRs disabled, skipping PAT initialization too.
[    0.000000] CPU MTRRs all blank - virtualized system.
[    0.000000] x86/PAT: Configuration [0-7]: WB  WT  UC- UC  WB  WT  UC- UC  
[    0.000000] found SMP MP-table at [mem 0x0009fff0-0x0009ffff] mapped at [ffff88000009fff0]
[    0.000000] Scanning 1 areas for low memory corruption
[    0.000000] RAMDISK: [mem 0x36232000-0x37110fff]
[    0.000000] ACPI: Early table checksum verification disabled
[    0.000000] ACPI: RSDP 0x00000000000E0000 000024 (v02 VBOX  )
[    0.000000] ACPI: XSDT 0x000000003FFF0030 00003C (v01 VBOX   VBOXXSDT 00000001 ASL  00000061)
[    0.000000] ACPI: FACP 0x000000003FFF00F0 0000F4 (v04 VBOX   VBOXFACP 00000001 ASL  00000061)
[    0.000000] ACPI: DSDT 0x000000003FFF0470 0021FF (v02 VBOX   VBOXBIOS 00000002 INTL 20100528)
[    0.000000] ACPI: FACS 0x000000003FFF0200 000040
[    0.000000] ACPI: FACS 0x000000003FFF0200 000040
[    0.000000] ACPI: APIC 0x000000003FFF0240 00005C (v02 VBOX   VBOXAPIC 00000001 ASL  00000061)
[    0.000000] ACPI: SSDT 0x000000003FFF02A0 0001CC (v01 VBOX   VBOXCPUT 00000002 INTL 20100528)
[    0.000000] No NUMA configuration found
[    0.000000] Faking a node at [mem 0x0000000000000000-0x000000003ffeffff]
[    0.000000] NODE_DATA(0) allocated [mem 0x3ffeb000-0x3ffeffff]
[    0.000000] kvm-clock: Using msrs 4b564d01 and 4b564d00
[    0.000000] kvm-clock: cpu 0, msr 0:3ffe3001, primary cpu clock
[    0.000000] kvm-clock: using sched offset of 3622098476 cycles
[    0.000000] clocksource: kvm-clock: mask: 0xffffffffffffffff max_cycles: 0x1cd42e4dffb, max_idle_ns: 881590591483 ns
[    0.000000] Zone ranges:
[    0.000000]   DMA      [mem 0x0000000000001000-0x0000000000ffffff]
[    0.000000]   DMA32    [mem 0x0000000001000000-0x000000003ffeffff]
[    0.000000]   Normal   empty
[    0.000000]   Device   empty
[    0.000000] Movable zone start for each node
[    0.000000] Early memory node ranges
[    0.000000]   node   0: [mem 0x0000000000001000-0x000000000009efff]
[    0.000000]   node   0: [mem 0x0000000000100000-0x000000003ffeffff]
[    0.000000] Initmem setup node 0 [mem 0x0000000000001000-0x000000003ffeffff]
[    0.000000] ACPI: PM-Timer IO Port: 0x4008
[    0.000000] IOAPIC[0]: apic_id 2, version 32, address 0xfec00000, GSI 0-23
[    0.000000] ACPI: INT_SRC_OVR (bus 0 bus_irq 0 global_irq 2 dfl dfl)
[    0.000000] ACPI: INT_SRC_OVR (bus 0 bus_irq 9 global_irq 9 high level)
[    0.000000] Using ACPI (MADT) for SMP configuration information
[    0.000000] smpboot: Allowing 2 CPUs, 0 hotplug CPUs
[    0.000000] PM: Registered nosave memory: [mem 0x00000000-0x00000fff]
[    0.000000] PM: Registered nosave memory: [mem 0x0009f000-0x0009ffff]
[    0.000000] PM: Registered nosave memory: [mem 0x000a0000-0x000effff]
[    0.000000] PM: Registered nosave memory: [mem 0x000f0000-0x000fffff]
[    0.000000] e820: [mem 0x40000000-0xfebfffff] available for PCI devices
[    0.000000] Booting paravirtualized kernel on KVM
[    0.000000] clocksource: refined-jiffies: mask: 0xffffffff max_cycles: 0xffffffff, max_idle_ns: 7645519600211568 ns
[    0.000000] setup_percpu: NR_CPUS:512 nr_cpumask_bits:512 nr_cpu_ids:2 nr_node_ids:1
[    0.000000] PERCPU: Embedded 33 pages/cpu @ffff88003fc00000 s98200 r8192 d28776 u1048576
[    0.000000] PV qspinlock hash table entries: 256 (order: 0, 4096 bytes)
[    0.000000] Built 1 zonelists in Node order, mobility grouping on.  Total pages: 257913
[    0.000000] Policy zone: DMA32
[    0.000000] Kernel command line: BOOT_IMAGE=/boot/vmlinuz-4.4.0-104-generic root=UUID=743b1402-d445-494c-af0b-749040bb33e4 ro console=tty1 console=ttyS0
[    0.000000] PID hash table entries: 4096 (order: 3, 32768 bytes)
[    0.000000] Memory: 997344K/1048120K available (8485K kernel code, 1295K rwdata, 3988K rodata, 1492K init, 1316K bss, 50776K reserved, 0K cma-reserved)
[    0.000000] SLUB: HWalign=64, Order=0-3, MinObjects=0, CPUs=2, Nodes=1
[    0.000000] Hierarchical RCU implementation.
[    0.000000] 	Build-time adjustment of leaf fanout to 64.
[    0.000000] 	RCU restricting CPUs from NR_CPUS=512 to nr_cpu_ids=2.
[    0.000000] RCU: Adjusting geometry for rcu_fanout_leaf=64, nr_cpu_ids=2
[    0.000000] NR_IRQS:33024 nr_irqs:440 16
[    0.000000] Console: colour VGA+ 80x25
[    0.000000] console [tty1] enabled
[    0.000000] console [ttyS0] enabled
[    0.000000] tsc: Detected 2712.002 MHz processor
[   23.431730] Calibrating delay loop (skipped) preset value.. 5424.00 BogoMIPS (lpj=10848008)
[   23.619621] pid_max: default: 32768 minimum: 301
[   23.673004] ACPI: Core revision 20150930
[   23.756381] ACPI: 2 ACPI AML tables successfully acquired and loaded
[   23.899819] Security Framework initialized
[   24.019885] Yama: becoming mindful.
[   24.101842] AppArmor: AppArmor initialized
[   24.179435] Dentry cache hash table entries: 131072 (order: 8, 1048576 bytes)
[   24.359284] Inode-cache hash table entries: 65536 (order: 7, 524288 bytes)
[   24.502420] Mount-cache hash table entries: 2048 (order: 2, 16384 bytes)
[   24.572133] Mountpoint-cache hash table entries: 2048 (order: 2, 16384 bytes)
[   24.693842] Initializing cgroup subsys io
[   24.793687] Initializing cgroup subsys memory
[   24.880360] Initializing cgroup subsys devices
[   24.959751] Initializing cgroup subsys freezer
[   25.060414] Initializing cgroup subsys net_cls
[   25.162000] Initializing cgroup subsys perf_event
[   25.253216] Initializing cgroup subsys net_prio
[   25.346219] Initializing cgroup subsys hugetlb
[   25.451460] Initializing cgroup subsys pids
[   25.532763] CPU: Physical Processor ID: 0
[   25.589446] CPU: Processor Core ID: 0
[   25.667231] mce: CPU supports 0 MCE banks
[   25.729551] Last level iTLB entries: 4KB 64, 2MB 8, 4MB 8
[   25.803735] Last level dTLB entries: 4KB 64, 2MB 0, 4MB 0, 1GB 4
[   25.918382] Freeing SMP alternatives memory: 32K
[   26.030207] ftrace: allocating 32158 entries in 126 pages
[   26.215825] smpboot: APIC(0) Converting physical 0 to logical package 0
[   26.386579] smpboot: Max logical packages: 1
[   26.487807] x2apic enabled
[   26.562207] Switched APIC routing to physical x2apic.
[   26.660569] ..TIMER: vector=0x30 apic1=0 pin1=2 apic2=-1 pin2=-1
[   26.903239] smpboot: CPU0: Intel(R) Core(TM) i5-7200U CPU @ 2.50GHz (family: 0x6, model: 0x8e, stepping: 0x9)
[   27.087075] Performance Events: unsupported p6 CPU model 142 no PMU driver, software events only.
[   27.287405] KVM setup paravirtual spinlock
[   27.385120] x86: Booting SMP configuration:
[   27.472486] .... node  #0, CPUs:      #1
[   27.537423] kvm-clock: cpu 1, msr 0:3ffe3041, secondary cpu clock
[   27.627114] mce: CPU supports 0 MCE banks
[   27.654634] x86: Booted up 1 node, 2 CPUs
[   27.726211] smpboot: Total of 2 processors activated (10848.00 BogoMIPS)
[   27.843333] devtmpfs: initialized
[   27.916333] evm: security.selinux
[   27.994744] evm: security.SMACK64
[   28.070363] evm: security.SMACK64EXEC
[   28.163554] evm: security.SMACK64TRANSMUTE
[   28.251971] evm: security.SMACK64MMAP
[   28.343280] evm: security.ima
[   28.387397] evm: security.capability
[   28.475917] clocksource: jiffies: mask: 0xffffffff max_cycles: 0xffffffff, max_idle_ns: 7645041785100000 ns
[   28.683961] futex hash table entries: 512 (order: 3, 32768 bytes)
[   28.826238] pinctrl core: initialized pinctrl subsystem
[   28.967469] RTC time:  0:05:11, date: 12/21/17
[   29.054683] NET: Registered protocol family 16
[   29.156457] cpuidle: using governor ladder
[   29.259545] cpuidle: using governor menu
[   29.361825] PCCT header not found.
[   29.428546] ACPI: bus type PCI registered
[   29.515926] acpiphp: ACPI Hot Plug PCI Controller Driver version: 0.5
[   29.672274] PCI: Using configuration type 1 for base access
[   29.689010] ACPI: Added _OSI(Module Device)
[   29.764183] ACPI: Added _OSI(Processor Device)
[   29.864339] ACPI: Added _OSI(3.0 _SCP Extensions)
[   29.946695] ACPI: Added _OSI(Processor Aggregator Device)
[   30.060885] ACPI: Executed 1 blocks of module-level executable AML code
[   30.218340] ACPI: Interpreter enabled
[   30.303906] ACPI: (supports S0 S5)
[   30.376560] ACPI: Using IOAPIC for interrupt routing
[   30.473927] PCI: Using host bridge windows from ACPI; if necessary, use "pci=nocrs" and report a bug
[   30.642858] ACPI: PCI Root Bridge [PCI0] (domain 0000 [bus 00-ff])
[   30.811376] acpi PNP0A03:00: _OSC: OS supports [ASPM ClockPM Segments MSI]
[   30.951501] acpi PNP0A03:00: _OSC: not requesting OS control; OS requires [ExtendedConfig ASPM ClockPM MSI]
[   31.148515] acpi PNP0A03:00: fail to add MMCONFIG information, can't access extended PCI configuration space under this bridge.
[   31.294763] PCI host bridge to bus 0000:00
[   31.384314] pci_bus 0000:00: root bus resource [io  0x0000-0x0cf7 window]
[   31.522825] pci_bus 0000:00: root bus resource [io  0x0d00-0xffff window]
[   31.678811] pci_bus 0000:00: root bus resource [mem 0x000a0000-0x000bffff window]
[   31.858581] pci_bus 0000:00: root bus resource [mem 0x40000000-0xffdfffff window]
[   32.043012] pci_bus 0000:00: root bus resource [bus 00-ff]
[   32.186030] pci 0000:00:01.1: legacy IDE quirk: reg 0x10: [io  0x01f0-0x01f7]
[   32.290228] pci 0000:00:01.1: legacy IDE quirk: reg 0x14: [io  0x03f6]
[   32.436516] pci 0000:00:01.1: legacy IDE quirk: reg 0x18: [io  0x0170-0x0177]
[   32.587508] pci 0000:00:01.1: legacy IDE quirk: reg 0x1c: [io  0x0376]
[   32.731275] pci 0000:00:07.0: quirk: [io  0x4000-0x403f] claimed by PIIX4 ACPI
[   32.773321] pci 0000:00:07.0: quirk: [io  0x4100-0x410f] claimed by PIIX4 SMB
[   32.910100] ACPI: PCI Interrupt Link [LNKA] (IRQs 5 9 10 *11)
[   33.031170] ACPI: PCI Interrupt Link [LNKB] (IRQs 5 9 10 *11)
[   33.159651] ACPI: PCI Interrupt Link [LNKC] (IRQs 5 9 *10 11)
[   33.258848] ACPI: PCI Interrupt Link [LNKD] (IRQs 5 *9 10 11)
[   33.344336] ACPI: Enabled 2 GPEs in block 00 to 07
[   33.444572] vgaarb: setting as boot device: PCI:0000:00:02.0
[   33.571714] vgaarb: device added: PCI:0000:00:02.0,decodes=io+mem,owns=io+mem,locks=none
[   33.711001] vgaarb: loaded
[   33.724463] vgaarb: bridge control possible 0000:00:02.0
[   33.832579] SCSI subsystem initialized
[   33.909982] ACPI: bus type USB registered
[   34.011950] usbcore: registered new interface driver usbfs
[   34.116963] usbcore: registered new interface driver hub
[   34.228566] usbcore: registered new device driver usb
[   34.336062] PCI: Using ACPI for IRQ routing
[   34.456417] NetLabel: Initializing
[   34.539937] NetLabel:  domain hash size = 128
[   34.616437] NetLabel:  protocols = UNLABELED CIPSOv4
[   34.740110] NetLabel:  unlabeled traffic allowed by default
[   34.857085] amd_nb: Cannot enumerate AMD northbridges
[   34.914882] clocksource: Switched to clocksource kvm-clock
[   35.023011] AppArmor: AppArmor Filesystem Enabled
[   35.162181] pnp: PnP ACPI init
[   35.253013] pnp: PnP ACPI: found 3 devices
[   35.367782] clocksource: acpi_pm: mask: 0xffffff max_cycles: 0xffffff, max_idle_ns: 2085701024 ns
[   35.523632] NET: Registered protocol family 2
[   35.628432] TCP established hash table entries: 8192 (order: 4, 65536 bytes)
[   35.822674] TCP bind hash table entries: 8192 (order: 5, 131072 bytes)
[   35.949220] TCP: Hash tables configured (established 8192 bind 8192)
[   36.083840] UDP hash table entries: 512 (order: 2, 16384 bytes)
[   36.252396] UDP-Lite hash table entries: 512 (order: 2, 16384 bytes)
[   36.441854] NET: Registered protocol family 1
[   36.552628] pci 0000:00:00.0: Limiting direct PCI/PCI transfers
[   36.708745] pci 0000:00:01.0: Activating ISA DMA hang workarounds
[   36.871287] Unpacking initramfs...
[   37.267070] Freeing initrd memory: 15228K
[   37.310672] platform rtc_cmos: registered platform RTC device (no PNP device found)
[   37.461674] Scanning for low memory corruption every 60 seconds
[   37.589445] audit: initializing netlink subsys (disabled)
[   37.654038] audit: type=2000 audit(1513814690.992:1): initialized
[   37.757039] Initialise system trusted keyring
[   37.867232] HugeTLB registered 2 MB page size, pre-allocated 0 pages
[   37.963111] zbud: loaded
[   38.002692] VFS: Disk quotas dquot_6.6.0
[   38.089421] VFS: Dquot-cache hash table entries: 512 (order 0, 4096 bytes)
[   38.239912] squashfs: version 4.0 (2009/01/31) Phillip Lougher
[   38.366201] tsc: Refined TSC clocksource calibration: 2712.754 MHz
[   38.481985] clocksource: tsc: mask: 0xffffffffffffffff max_cycles: 0x271a4e9c53f, max_idle_ns: 440795303131 ns
[   38.719001] fuse init (API version 7.23)
[   38.845258] Key type big_key registered
[   38.908887] Allocating IMA MOK and blacklist keyrings.
[   38.937781] Key type asymmetric registered
[   39.012793] Asymmetric key parser 'x509' registered
[   39.089823] Block layer SCSI generic (bsg) driver version 0.4 loaded (major 249)
[   39.251787] io scheduler noop registered
[   39.326960] io scheduler deadline registered (default)
[   39.425037] io scheduler cfq registered
[   39.493763] pci_hotplug: PCI Hot Plug PCI Core version: 0.5
[   39.604597] pciehp: PCI Express Hot Plug Controller Driver version: 0.4
[   39.761250] ACPI: AC Adapter [AC] (on-line)
[   39.823800] input: Power Button as /devices/LNXSYSTM:00/LNXPWRBN:00/input/input0
[   39.927107] ACPI: Power Button [PWRF]
[   39.975642] input: Sleep Button as /devices/LNXSYSTM:00/LNXSLPBN:00/input/input1
[   40.094909] ACPI: Sleep Button [SLPF]
[   40.165747] ACPI: Battery Slot [BAT0] (battery present)
[   40.171511] GHES: HEST is not enabled!
ÿ[   40.255335] Serial: 8250/16550 driver, 32 ports, IRQ sharing enabled
[   40.344412] 00:02: ttyS0 at I/O 0x3f8 (irq = 4, base_baud = 115200) is a 16550A
[   40.444523] Linux agpgart interface v0.103
[   40.609604] loop: module loaded
[   40.690642] scsi host0: ata_piix
[   40.788265] scsi host1: ata_piix
[   40.872522] ata1: PATA max UDMA/33 cmd 0x1f0 ctl 0x3f6 bmdma 0xd000 irq 14
[   41.011858] ata2: PATA max UDMA/33 cmd 0x170 ctl 0x376 bmdma 0xd008 irq 15
[   41.216073] libphy: Fixed MDIO Bus: probed
[   41.324879] tun: Universal TUN/TAP device driver, 1.6
[   41.458361] tun: (C) 1999-2004 Max Krasnyansky <maxk@qualcomm.com>
[   41.611552] PPP generic driver version 2.4.2
[   41.720318] ehci_hcd: USB 2.0 'Enhanced' Host Controller (EHCI) Driver
[   41.903835] ehci-pci: EHCI PCI platform driver
[   41.975015] ehci-platform: EHCI generic platform driver
[   42.096173] ohci_hcd: USB 1.1 'Open' Host Controller (OHCI) Driver
[   42.273739] ohci-pci: OHCI PCI platform driver
[   42.404290] ohci-platform: OHCI generic platform driver
[   42.552485] uhci_hcd: USB Universal Host Controller Interface driver
[   42.719444] i8042: PNP: PS/2 Controller [PNP0303:PS2K,PNP0f03:PS2M] at 0x60,0x64 irq 1,12
[   42.940751] serio: i8042 KBD port at 0x60,0x64 irq 1
[   43.072495] serio: i8042 AUX port at 0x60,0x64 irq 12
[   43.199619] mousedev: PS/2 mouse device common for all mice
[   43.350593] input: AT Translated Set 2 keyboard as /devices/platform/i8042/serio0/input/input2
[   43.612833] rtc_cmos rtc_cmos: rtc core: registered rtc_cmos as rtc0
[   43.798923] rtc_cmos rtc_cmos: alarms up to one day, 114 bytes nvram
[   43.971620] i2c /dev entries driver
[   44.082346] device-mapper: uevent: version 1.0.3
[   44.168478] device-mapper: ioctl: 4.34.0-ioctl (2015-10-28) initialised: dm-devel@redhat.com
[   44.405511] ledtrig-cpu: registered to indicate activity on CPUs
[   44.556047] NET: Registered protocol family 10
[   44.638959] NET: Registered protocol family 17
[   44.727987] Key type dns_resolver registered
[   44.836155] microcode: CPU0 sig=0x806e9, pf=0x8, revision=0x0
[   44.927371] microcode: CPU1 sig=0x806e9, pf=0x8, revision=0x0
[   45.035591] microcode: Microcode Update Driver: v2.01 <tigran@aivazian.fsnet.co.uk>, Peter Oruba
[   45.181817] registered taskstats version 1
[   45.280888] Loading compiled-in X.509 certificates
[   45.396913] Loaded X.509 cert 'Build time autogenerated kernel key: 8537ad706776f532219d7336343c968b9f82f7c7'
[   45.622383] zswap: loaded using pool lzo/zbud
[   45.702647] Key type trusted registered
[   45.799254] Key type encrypted registered
[   45.893860] AppArmor: AppArmor sha1 policy hashing enabled
[   46.003631] ima: No TPM chip found, activating TPM-bypass!
[   46.109880] evm: HMAC attrs: 0x1
[   46.171863]   Magic number: 13:125:52
[   46.258127] rtc_cmos rtc_cmos: setting system clock to 2017-12-21 00:05:28 UTC (1513814728)
[   46.440024] BIOS EDD facility v0.16 2004-Jun-25, 0 devices found
[   46.588642] EDD information not available.
[   46.669313] Freeing unused kernel memory: 1492K
[   46.770527] Write protecting the kernel read-only data: 14336k
[   46.905287] Freeing unused kernel memory: 1744K
[   46.999117] Freeing unused kernel memory: 108K
Loading, please [   47.084971] random: systemd-udevd: uninitialized urandom read (16 bytes read, 9 bits of entropy available)
wait...
startin[   47.085609] random: udevadm: uninitialized urandom read (16 bytes read, 9 bits of entropy available)
g version 229
[   47.085622] random: udevadm: uninitialized urandom read (16 bytes read, 9 bits of entropy available)
[   47.091950] random: udevadm: uninitialized urandom read (16 bytes read, 9 bits of entropy available)
[   47.091985] random: udevadm: uninitialized urandom read (16 bytes read, 9 bits of entropy available)
[   47.092083] random: udevadm: uninitialized urandom read (16 bytes read, 9 bits of entropy available)
[   47.092118] random: udevadm: uninitialized urandom read (16 bytes read, 9 bits of entropy available)
[   47.092149] random: udevadm: uninitialized urandom read (16 bytes read, 9 bits of entropy available)
[   47.092180] random: udevadm: uninitialized urandom read (16 bytes read, 9 bits of entropy available)
[   47.092210] random: udevadm: uninitialized urandom read (16 bytes read, 9 bits of entropy available)
[   49.180352] e1000: Intel(R) PRO/1000 Network Driver - version 7.3.21-k8-NAPI
[   49.325584] e1000: Copyright (c) 1999-2006 Intel Corporation.
[   49.442801] AVX version of gcm_enc/dec engaged.
[   49.446633] Fusion MPT base driver 3.04.20
[   49.446634] Copyright (c) 1999-2008 LSI Corporation
[   49.654360] AES CTR mode by8 optimization enabled
[   49.732673] input: ImExPS/2 Generic Explorer Mouse as /devices/platform/i8042/serio1/input/input4
[   49.818121] Fusion MPT SPI Host driver 3.04.20
[   50.074066] e1000 0000:00:03.0 eth0: (PCI:33MHz:32-bit) 02:63:8e:2c:ef:cd
[   50.220547] e1000 0000:00:03.0 eth0: Intel(R) PRO/1000 Network Connection
[   50.343219] mptbase: ioc0: Initiating bringup
[   50.343393] e1000 0000:00:03.0 enp0s3: renamed from eth0
[   50.664880] ioc0: LSI53C1030 A0: Capabilities={Initiator}
[   51.024860] scsi host2: ioc0: LSI53C1030 A0, FwRev=00000000h, Ports=1, MaxQ=256, IRQ=20
[   51.401461] scsi 2:0:0:0: Direct-Access     VBOX     HARDDISK         1.0  PQ: 0 ANSI: 5
[   51.583121] scsi target2:0:0: Beginning Domain Validation
[   51.710446] scsi target2:0:0: Domain Validation skipping write tests
[   51.757799] scsi target2:0:0: Ending Domain Validation
[   51.799447] scsi target2:0:0: asynchronous
[   51.892140] scsi 2:0:1:0: Direct-Access     VBOX     HARDDISK         1.0  PQ: 0 ANSI: 5
[   52.084592] scsi target2:0:1: Beginning Domain Validation
[   52.178098] scsi target2:0:1: Domain Validation skipping write tests
[   52.351645] scsi target2:0:1: Ending Domain Validation
[   52.467015] floppy0: no floppy controllers found
[   52.575069] scsi target2:0:1: asynchronous
[   52.666423] sd 2:0:0:0: Attached scsi generic sg0 type 0
[   52.779745] sd 2:0:1:0: Attached scsi generic sg1 type 0
[   52.779877] sd 2:0:0:0: [sda] 20971520 512-byte logical blocks: (10.7 GB/10.0 GiB)
[   53.045468] sd 2:0:1:0: [sdb] 20480 512-byte logical blocks: (10.5 MB/10.0 MiB)
[   53.213727] sd 2:0:0:0: [sda] Write Protect is off
[   53.328894] sd 2:0:1:0: [sdb] Write Protect is off
[   53.339058] sd 2:0:0:0: [sda] Incomplete mode parameter data
[   53.339059] sd 2:0:0:0: [sda] Assuming drive cache: write through
[   53.715877] sd 2:0:1:0: [sdb] Incomplete mode parameter data
[   53.896894] sd 2:0:1:0: [sdb] Assuming drive cache: write through
[   53.919262]  sda: sda1
[   53.922174] sd 2:0:0:0: [sda] Attached SCSI disk
[   54.134569] sd 2:0:1:0: [sdb] Attached SCSI disk
Begin: Loading e[   55.607673] md: linear personality registered for level -1
ssential drivers[   55.736162] md: multipath personality registered for level -4
 ... [   55.878921] md: raid0 personality registered for level 0
[   55.985894] md: raid1 personality registered for level 1
[   56.151540] raid6: sse2x1   gen()  7125 MB/s
[   56.315374] raid6: sse2x1   xor()  5165 MB/s
[   56.467484] raid6: sse2x2   gen()  9270 MB/s
[   56.655449] raid6: sse2x2   xor()  6962 MB/s
[   56.807541] raid6: sse2x4   gen() 11997 MB/s
[   56.987126] raid6: sse2x4   xor()  7937 MB/s
[   57.079826] raid6: using algorithm sse2x4 gen() 11997 MB/s
[   57.173478] raid6: .... xor() 7937 MB/s, rmw enabled
[   57.247591] raid6: using ssse3x2 recovery algorithm
[   57.317253] xor: automatically using best checksumming function:
[   57.443447]    avx       : 20599.000 MB/sec
[   57.519636] async_tx: api initialized (async)
[   57.645886] md: raid6 personality registered for level 6
[   57.760861] md: raid5 personality registered for level 5
[   57.882509] md: raid4 personality registered for level 4
[   57.981314] md: raid10 personality registered for level 10
done.
Begin: Running /scripts/init-premount ...[   58.080896] Btrfs loaded
 done.
Begin: Mounting root file system ... Begin: Running /scripts/local-top ... done.
Begin:[   58.177017] EXT4-fs (sda1): INFO: recovery required on readonly filesystem
 Running /script[   58.343454] EXT4-fs (sda1): write access will be enabled during recovery
s/local-premount ... Scanning for Btrfs filesystems
done.
Warning: fsck not pr[   58.589887] EXT4-fs (sda1): recovery complete
esent, so skippi[   58.757315] EXT4-fs (sda1): mounted filesystem with ordered data mode. Opts: (null)
ng root file system
done.
Begin: Running /scripts/local-bottom ... done.
Begin: Running /scripts/init-bottom ... done.
[   59.165766] systemd[1]: systemd 229 running in system mode. (+PAM +AUDIT +SELINUX +IMA +APPARMOR +SMACK +SYSVINIT +UTMP +LIBCRYPTSETUP +GCRYPT +GNUTLS +ACL +XZ -LZ4 +SECCOMP +BLKID +ELFUTILS +KMOD -IDN)
[   59.370459] systemd[1]: Detected virtualization oracle.
[   59.443874] systemd[1]: Detected architecture x86-64.
[   59.546667] random: nonblocking pool is initialized

Welcome to [1mUbuntu 16.04.3 LTS[0m!

[   59.787258] systemd[1]: Set hostname to <ubuntu-xenial>.
[   60.101466] systemd[1]: Listening on Device-mapper event daemon FIFOs.
[[0;32m  OK  [0m] Listening on Device-mapper event daemon FIFOs.
[   60.307789] systemd[1]: Listening on Journal Socket (/dev/log).
[[0;32m  OK  [0m] Listening on Journal Socket (/dev/log).
[   60.443751] systemd[1]: Listening on LVM2 poll daemon socket.
[[0;32m  OK  [0m] Listening on LVM2 poll daemon socket.
[   60.636151] systemd[1]: Listening on LVM2 metadata daemon socket.
[[0;32m  OK  [0m] Listening on LVM2 metadata daemon socket.
[   60.883875] systemd[1]: Started Forward Password Requests to Wall Directory Watch.
[[0;32m  OK  [0m] Started Forward Password Requests to Wall Directory Watch.
[   61.196642] systemd[1]: Created slice System Slice.
[[0;32m  OK  [0m] Created slice System Slice.
[   61.392179] systemd[1]: Listening on Journal Socket.
[[0;32m  OK  [0m] Listening on Journal Socket.
[   61.563365] systemd[1]: Starting Nameserver information manager...
         Starting Nameserver information manager...
[   61.732426] systemd[1]: Created slice system-serial\x2dgetty.slice.
[[0;32m  OK  [0m] Created slice system-serial\x2dgetty.slice.
[   61.934762] systemd[1]: Listening on udev Kernel Socket.
[[0;32m  OK  [0m] Listening on udev Kernel Socket.
[   62.207723] systemd[1]: Starting Load Kernel Modules...
[   62.298832] Loading iSCSI transport class v2.0-870.
         Starting Load Kernel Modules...
[   62.496857] systemd[1]: Started Trigger resolvconf update for networkd DNS.
[   62.576132] iscsi: registered transport (tcp)
[[0;32m  OK  [0m] Started Trigger resolvconf update for networkd DNS.
[   62.740830] iscsi: registered transport (iser)
[   62.900984] systemd[1]: Starting Remount Root and Kernel File Systems...
[   62.925672] EXT4-fs (sda1): re-mounted. Opts: (null)
         Starting Remount Root and Kernel File Systems...
[   63.228756] systemd[1]: Set up automount Arbitrary Executable File Formats File System Automount Point.
[[0;32m  OK  [0m] Set up automount Arbitrary Executab...ats File System Automount Point.
[   63.659417] systemd[1]: Starting Uncomplicated firewall...
         Starting Uncomplicated firewall...
[   63.760149] systemd[1]: Reached target Swap.
[[0;32m  OK  [0m] Reached target Swap.
[   63.952196] systemd[1]: Reached target Encrypted Volumes.
[[0;32m  OK  [0m] Reached target Encrypted Volumes.
[   64.228183] systemd[1]: Starting Monitoring of LVM2 mirrors, snapshots etc. using dmeventd or progress polling...
         Starting Monitoring of LVM2 mirrors... dmeventd or progress polling...
[   64.603802] systemd[1]: Listening on /dev/initctl Compatibility Named Pipe.
[[0;32m  OK  [0m] Listening on /dev/initctl Compatibility Named Pipe.
[   64.860203] systemd[1]: Created slice User and Session Slice.
[[0;32m  OK  [0m] Created slice User and Session Slice.
[   65.103255] systemd[1]: Reached target Slices.
[[0;32m  OK  [0m] Reached target Slices.
[   65.303853] systemd[1]: Starting Create list of required static device nodes for the current kernel...
         Starting Create list of required st... nodes for the current kernel...
[   65.593047] systemd[1]: Mounting Huge Pages File System...
         Mounting Huge Pages File System...
[   65.783748] systemd[1]: Listening on Journal Audit Socket.
[[0;32m  OK  [0m] Listening on Journal Audit Socket.
[   65.951522] systemd[1]: Listening on udev Control Socket.
[[0;32m  OK  [0m] Listening on udev Control Socket.
[   66.179698] systemd[1]: Reached target User and Group Name Lookups.
[[0;32m  OK  [0m] Reached target User and Group Name Lookups.
[   66.495098] systemd[1]: Mounting Debug File System...
         Mounting Debug File System...
[   66.715988] systemd[1]: Starting Set console keymap...
         Starting Set console keymap...
[   66.923610] systemd[1]: Mounting POSIX Message Queue File System...
         Mounting POSIX Message Queue File System...
[   67.140031] systemd[1]: Listening on Syslog Socket.
[[0;32m  OK  [0m] Listening on Syslog Socket.
[   67.375513] systemd[1]: Starting Journal Service...
         Starting Journal Service...
[   67.568139] systemd[1]: Mounted POSIX Message Queue File System.
[[0;32m  OK  [0m] Mounted POSIX Message Queue File System.
[   67.808171] systemd[1]: Mounted Debug File System.
[[0;32m  OK  [0m] Mounted Debug File System.
[   68.024941] systemd[1]: Mounted Huge Pages File System.
[[0;32m  OK  [0m] Mounted Huge Pages File System.
[   68.268302] systemd[1]: Started Journal Service.
[[0;32m  OK  [0m] Started Journal Service.
[[0;32m  OK  [0m] Started Load Kernel Modules.
[[0;32m  OK  [0m] Started Remount Root and Kernel File Systems.
[[0;32m  OK  [0m] Started Uncomplicated firewall.
[[0;32m  OK  [0m] Started Create list of required sta...ce nodes for the current kernel.
[[0;32m  OK  [0m] Started Set console keymap.
[[0;32m  OK  [0m] Started Nameserver information manager.
[[0;32m  OK  [0m] Started LVM2 metadata daemon.
         Starting Create Static Device Nodes in /dev...
         Starting udev Coldplug all Devices...
         Starting Initial cloud-init job (pre-networking)...
         Starting Load/Save Random Seed...
         Starting Apply Kernel Variables...
         Mounting FUSE Control File System...
         Starting Flush Journal to Persistent Storage...
[[0;32m  OK  [0m] Mounted FUSE Control File System.
[[0;32m  OK  [0m] Started Monitoring of LVM2 mirrors,...ng dmeventd or progress polling.
[[0;32m  OK  [0m] Started Create Static Device Nodes in /dev.
[[0;32m  OK  [0m] Started Load/Save Random Seed.
[[0;32m  OK  [0m] Started Apply Kernel Variables.
[[0;32m  OK  [0m] Started udev Coldplug all Devices.
[[0;32m  OK  [0m] Started Flush Journal to Persistent Storage.
         Starting udev Kernel Device Manager...
[[0;32m  OK  [0m] Started udev Kernel Device Manager.
[   36.132252] cloud-init[451]: Cloud-init v. 17.1 running 'init-local' at Thu, 21 Dec 2017 00:05:52 +0000. Up 35.87 seconds.
[[0;32m  OK  [0m] Reached target Local File Systems (Pre).
[[0;32m  OK  [0m] Reached target Local File Systems.
         Starting LSB: AppArmor initialization...
         Starting Set console font and keymap...
         Starting Tell Plymouth To Write Out Runtime Data...
         Starting Create Volatile Files and Directories...
[[0;32m  OK  [0m] Started Dispatch Password Requests to Console Directory Watch.
[[0;32m  OK  [0m] Started Initial cloud-init job (pre-networking).
[[0;32m  OK  [0m] Started Set console font and keymap.
[[0;32m  OK  [0m] Started Tell Plymouth To Write Out Runtime Data.
[[0;32m  OK  [0m] Started Create Volatile Files and Directories.
[[0;32m  OK  [0m] Found device /dev/ttyS0.
[[0;32m  OK  [0m] Listening on Load/Save RF Kill Switch Status /dev/rfkill Watch.
         Starting Update UTMP about System Boot/Shutdown...
[[0;32m  OK  [0m] Reached target System Time Synchronized.
[[0;32m  OK  [0m] Created slice system-getty.slice.
[[0;32m  OK  [0m] Reached target Network (Pre).
[[0;32m  OK  [0m] Started LSB: AppArmor initialization.
[[0;32m  OK  [0m] Started ifup for enp0s3.
         Starting Raise network interfaces...
[[0;32m  OK  [0m] Started Update UTMP about System Boot/Shutdown.
[[0;32m  OK  [0m] Started Raise network interfaces.
[[0;32m  OK  [0m] Reached target Network.
         Starting Initial cloud-init job (metadata service crawler)...
[   40.321066] cloud-init[965]: Cloud-init v. 17.1 running 'init' at Thu, 21 Dec 2017 00:05:56 +0000. Up 39.82 seconds.
[[0;32m  OK  [0m] Started Initial cloud-init job (metadata service crawler).
[[0;32m  OK  [0m] Reached target System Initialization.
[[0;32m  OK  [0m] Listening on ACPID Listen Socket.
[   40.467377] cloud-init[965]: ci-info: +++++++++++++++++++++++++++++++++++++Net device info++++++++++++++++++++++++++++++++++++++
[   40.825274] cloud-init[965]: ci-info: +--------+------+----------------------------+---------------+-------+-------------------+
[   40.989100] cloud-init[965]: ci-info: | Device |  Up  |          Address           |      Mask     | Scope |     Hw-Address    |
[[0;32m  OK  [0m] Started ACPI Events Check.
[[0;32m  OK  [0m] Reached target Paths.
[   41.160128] cloud-init[965]: ci-info: +--------+------+----------------------------+---------------+-------+-------------------+
[   41.432606] cloud-init[965]: ci-info: | enp0s3 | True |         10.0.2.15          | 255.255.255.0 |   .   | 02:63:8e:2c:ef:cd |
[[0;32m  OK  [0m[   41.596268] cloud-init[965]: ci-info: | enp0s3 | True | fe80::63:8eff:fe2c:efcd/64 |       .       |  link | 02:63:8e:2c:ef:cd |
[   41.596333] cloud-init[965]: ci-info: |   lo   | True |         127.0.0.1          |   255.0.0.0   |   .   |         .         |
[   41.596370] cloud-init[965]: ci-info: |   lo   | True |          ::1/128           |       .       |  host |         .         |
[   41.596407] cloud-init[965]: ci-info: +--------+------+----------------------------+---------------+-------+-------------------+
[   41.596449] cloud-init[965]: ci-info: +++++++++++++++++++++++++++Route IPv4 info++++++++++++++++++++++++++++
[   41.596485] cloud-init[965]: ci-info: +-------+-------------+----------+---------------+-----------+-------+
[   41.596520] cloud-init[965]: ci-info: | Route | Destination | Gateway  |    Genmask    | Interface | Flags |
[   41.596556] cloud-init[965]: ci-info: +-------+-------------+----------+---------------+-----------+-------+
[   41.596590] cloud-init[965]: ci-info: |   0   |   0.0.0.0   | 10.0.2.2 |    0.0.0.0    |   enp0s3  |   UG  |
[   41.596628] cloud-init[965]: ci-info: |   1   |   10.0.2.0  | 0.0.0.0  | 255.255.255.0 |   enp0s3  |   U   |
[   41.596669] cloud-init[965]: ci-info: +-------+-------------+----------+---------------+-----------+-------+
] Started Daily Cleanup of Temporary Directories.
         Starting Socket activation for snappy daemon.
         Starting LXD - unix socket.
[[0;32m  OK  [0m] Listening on UUID daemon activation socket.
[[0;32m  OK  [0m] Listening on D-Bus System Message Bus Socket.
[[0;32m  OK  [0m] Started Timer to automatically refresh installed snaps.
[[0;32m  OK  [0m] Reached target Network is Online.
[[0;32m  OK  [0m] Started Daily apt download activities.
[[0;32m  OK  [0m] Started Daily apt upgrade and clean activities.
[[0;32m  OK  [0m] Reached target Timers.
         Starting iSCSI initiator daemon (iscsid)...
[[0;32m  OK  [0m] Reached target Cloud-config availability.
[[0;32m  OK  [0m] Listening on Socket activation for snappy daemon.
[[0;32m  OK  [0m] Listening on LXD - unix socket.
[[0;32m  OK  [0m] Reached target Sockets.
[[0;32m  OK  [0m] Reached target Basic System.
         Starting LSB: MD monitoring daemon...
         Starting System Logging Service...
[[0;32m  OK  [0m] Started FUSE filesystem for LXC.
[[0;32m  OK  [0m] Started Unattended Upgrades Shutdown.
[[0;32m  OK  [0m] Started Deferred execution scheduler.
         Starting /etc/rc.local Compatibility...
[[0;32m  OK  [0m] Started D-Bus System Message Bus.
[[0;32m  OK  [0m] Started Regular background program processing daemon.
         Starting LSB: Record successful boot for GRUB...
[[0;32m  OK  [0m] Started ACPI event daemon.
         Starting Login Service...
         Starting LXD - container startup/shutdown...
         Starting Apply the settings specified in cloud-config...
         Starting Accounts Service...
         Starting OpenBSD Secure Shell server...
         Starting Snappy daemon...
[[0;32m  OK  [0m] Started System Logging Service.
[[0;32m  OK  [0m] Started OpenBSD Secure Shell server.
[[0;32m  OK  [0m] Started iSCSI initiator daemon (iscsid).
[[0;32m  OK  [0m] Started /etc/rc.local Compatibility.
[[0;32m  OK  [0m] Started LXD - container startup/shutdown.
[[0;32m  OK  [0m] Started Snappy daemon.
[   45.818002] cloud-init[1059]: Cloud-init v. 17.1 running 'modules:config' at Thu, 21 Dec 2017 00:06:02 +0000. Up 45.65 seconds.
[[0;32m  OK  [0m] Started LSB: MD monitoring daemon.
[[0;32m  OK  [0m] Started Apply the settings specified in cloud-config.
[[0;32m  OK  [0m] Started LSB: Record successful boot for GRUB.
[[0;32m  OK  [0m] Started Login Service.
         Starting Authenticate and Authorize Users to Run Privileged Tasks...
         Starting Login to default iSCSI targets...
[[0;32m  OK  [0m] Started Authenticate and Authorize Users to Run Privileged Tasks.
[[0;32m  OK  [0m] Started Accounts Service.
[[0;32m  OK  [0m] Started Login to default iSCSI targets.
[[0;32m  OK  [0m] Reached target Remote File Systems (Pre).
[[0;32m  OK  [0m] Reached target Remote File Systems.
         Starting LSB: VirtualBox Linux Additions...
         Starting LSB: Set the CPU Frequency Scaling governor to "ondemand"...
         Starting LSB: daemon to balance interrupts for SMP systems...
         Starting Permit User Sessions...
         Starting LSB: automatic crash report generation...
[[0;32m  OK  [0m] Started Permit User Sessions.
[[0;32m  OK  [0m] Started LSB: Set the CPU Frequency Scaling governor to "ondemand".
[[0;32m  OK  [0m] Started LSB: VirtualBox Linux Additions.
         Starting Terminate Plymouth Boot Screen...
         Starting Hold until boot process finishes up...
[[0;32m  OK  [0m] Started LSB: daemon to balance interrupts for SMP systems.
[[0;32m  OK  [0m] Started LSB: automatic crash report generation.
[[0;32m  OK  [0m] Started Terminate Plymouth Boot Screen.
[[0;32m  OK  [0m] Started Hold until boot process finishes up.
[[0;32m  OK  [0m] Started Getty on tty1.
         Starting Set console scheme...
[[0;32m  OK  [0m] Started Serial Getty on ttyS0.
[[0;32m  OK  [0m] Reached target Login Prompts.
[[0;32m  OK  [0m] Reached target Multi-User System.
         Starting Execute cloud user/final scripts...
[[0;32m  OK  [0m] Reached target Graphical Interface.
         Starting Update UTMP about System Runlevel Changes...
[[0;32m  OK  [0m] Started Set console scheme.
[[0;32m  OK  [0m] Started Update UTMP about System Runlevel Changes.
[   48.983110] cloud-init[1194]: Cloud-init v. 17.1 running 'modules:final' at Thu, 21 Dec 2017 00:06:05 +0000. Up 48.82 seconds.
[   49.129099] cloud-init[1194]: Cloud-init v. 17.1 finished at Thu, 21 Dec 2017 00:06:05 +0000. Datasource DataSourceNoCloud [seed=/dev/sdb][dsmode=net].  Up 48.97 seconds
[[0;32m  OK  [0m] Started Execute cloud user/final scripts.
         Starting Daily apt download activities...
[[0;32m  OK  [0m] Reached target Cloud-init target.
[[0;32m  OK  [0m] Created slice User Slice of ubuntu.
         Starting User Manager for UID 1000...
[[0;32m  OK  [0m] Started User Manager for UID 1000.
[[0;32m  OK  [0m] Started Session 1 of user ubuntu.
         Stopping User Manager for UID 1000...
[[0;32m  OK  [0m] Stopped User Manager for UID 1000.
[[0;32m  OK  [0m] Removed slice User Slice of ubuntu.

Ubuntu 16.04.3 LTS ubuntu-xenial ttyS0

ubuntu-xenial login: 